{"level":"info","message":"Listening on Port 3000...","timestamp":"2019-08-23T07:36:26.972Z"}
{"level":"info","message":"Listening on Port 3000...","timestamp":"2019-08-23T07:39:30.805Z"}
{"level":"info","message":"Connected to mongodb+srv://vikash:espl123@myfirstcluster-bhteb.mongodb.net/nodeproject_test?retryWrites=true&w=majority...","timestamp":"2019-08-23T07:39:32.351Z"}
{"level":"info","message":"Listening on Port 3000...","timestamp":"2019-08-23T07:40:13.228Z"}
{"level":"info","message":"Listening on Port 3000...","timestamp":"2019-08-23T07:41:14.492Z"}
{"level":"info","message":"Connected to mongodb+srv://vikash:espl123@myfirstcluster-bhteb.mongodb.net/nodeproject_test?retryWrites=true&w=majority...","timestamp":"2019-08-23T07:41:16.050Z"}
{"level":"info","message":"Listening on Port 3000...","timestamp":"2019-08-23T08:36:28.329Z"}
{"level":"info","message":"Connected to mongodb+srv://vikash:espl123@myfirstcluster-bhteb.mongodb.net/nodeproject_test?retryWrites=true&w=majority...","timestamp":"2019-08-23T08:36:29.893Z"}
{"level":"info","message":"Listening on Port 3000...","timestamp":"2019-08-23T08:53:29.494Z"}
{"level":"info","message":"Connected to mongodb+srv://vikash:espl123@myfirstcluster-bhteb.mongodb.net/nodeproject_test?retryWrites=true&w=majority...","timestamp":"2019-08-23T08:53:31.160Z"}
{"level":"info","message":"Connected to mongodb+srv://vikash:espl123@myfirstcluster-bhteb.mongodb.net/nodeproject_test?retryWrites=true&w=majority...","timestamp":"2019-08-23T09:09:45.132Z"}
{"level":"info","message":"Listening on Port 3000...","timestamp":"2019-08-23T09:10:53.033Z"}
{"level":"info","message":"Connected to mongodb+srv://vikash:espl123@myfirstcluster-bhteb.mongodb.net/nodeproject_test?retryWrites=true&w=majority...","timestamp":"2019-08-23T09:10:54.642Z"}
{"level":"info","message":"Listening on Port 3000...","timestamp":"2019-08-23T09:15:32.413Z"}
{"level":"info","message":"Connected to mongodb+srv://vikash:espl123@myfirstcluster-bhteb.mongodb.net/nodeproject_test?retryWrites=true&w=majority...","timestamp":"2019-08-23T09:15:34.016Z"}
{"level":"info","message":"Listening on Port 3000...","timestamp":"2019-08-23T09:26:25.771Z"}
{"level":"info","message":"Connected to mongodb+srv://vikash:espl123@myfirstcluster-bhteb.mongodb.net/nodeproject_test?retryWrites=true&w=majority...","timestamp":"2019-08-23T09:26:27.349Z"}
{"level":"info","message":"Listening on Port 3000...","timestamp":"2019-08-23T09:31:54.623Z"}
{"level":"info","message":"Connected to mongodb+srv://vikash:espl123@myfirstcluster-bhteb.mongodb.net/nodeproject_test?retryWrites=true&w=majority...","timestamp":"2019-08-23T09:31:56.173Z"}
{"level":"info","message":"Listening on Port 3000...","timestamp":"2019-08-23T09:33:47.905Z"}
{"level":"info","message":"Connected to mongodb+srv://vikash:espl123@myfirstcluster-bhteb.mongodb.net/nodeproject_test?retryWrites=true&w=majority...","timestamp":"2019-08-23T09:33:49.405Z"}
{"level":"info","message":"Listening on Port 3000...","timestamp":"2019-08-23T09:34:26.823Z"}
{"level":"info","message":"Connected to mongodb+srv://vikash:espl123@myfirstcluster-bhteb.mongodb.net/nodeproject_test?retryWrites=true&w=majority...","timestamp":"2019-08-23T09:34:28.362Z"}
{"level":"info","message":"Listening on Port 3000...","timestamp":"2019-08-23T09:35:22.902Z"}
{"level":"info","message":"Connected to mongodb+srv://vikash:espl123@myfirstcluster-bhteb.mongodb.net/nodeproject_test?retryWrites=true&w=majority...","timestamp":"2019-08-23T09:35:24.462Z"}
{"level":"info","message":"Listening on Port 3000...","timestamp":"2019-08-23T09:46:56.157Z"}
{"level":"info","message":"Connected to mongodb+srv://vikash:espl123@myfirstcluster-bhteb.mongodb.net/nodeproject_test?retryWrites=true&w=majority...","timestamp":"2019-08-23T09:46:57.649Z"}
{"level":"info","message":"Listening on Port 3000...","timestamp":"2019-08-23T09:51:44.928Z"}
{"level":"info","message":"Connected to mongodb+srv://vikash:espl123@myfirstcluster-bhteb.mongodb.net/nodeproject_test?retryWrites=true&w=majority...","timestamp":"2019-08-23T09:51:46.555Z"}
{"message":"Cast to ObjectId failed for value \"1\" at path \"_id\" for model \"Mobile\"","stack":"CastError: Cast to ObjectId failed for value \"1\" at path \"_id\" for model \"Mobile\"\n    at new CastError (D:\\Training on Node\\NodeProject\\node_modules\\mongoose\\lib\\error\\cast.js:29:11)\n    at ObjectId.Object.<anonymous>.ObjectId.cast (D:\\Training on Node\\NodeProject\\node_modules\\mongoose\\lib\\schema\\objectid.js:244:11)\n    at ObjectId.Object.<anonymous>.SchemaType.applySetters (D:\\Training on Node\\NodeProject\\node_modules\\mongoose\\lib\\schematype.js:948:12)\n    at ObjectId.Object.<anonymous>.SchemaType._castForQuery (D:\\Training on Node\\NodeProject\\node_modules\\mongoose\\lib\\schematype.js:1362:15)\n    at ObjectId.Object.<anonymous>.SchemaType.castForQuery (D:\\Training on Node\\NodeProject\\node_modules\\mongoose\\lib\\schematype.js:1352:15)\n    at ObjectId.Object.<anonymous>.SchemaType.castForQueryWrapper (D:\\Training on Node\\NodeProject\\node_modules\\mongoose\\lib\\schematype.js:1331:15)\n    at cast (D:\\Training on Node\\NodeProject\\node_modules\\mongoose\\lib\\cast.js:307:32)\n    at model.Query.Object.<anonymous>.Query.cast (D:\\Training on Node\\NodeProject\\node_modules\\mongoose\\lib\\query.js:4608:12)\n    at model.Query.Object.<anonymous>.Query._castConditions (D:\\Training on Node\\NodeProject\\node_modules\\mongoose\\lib\\query.js:1790:10)\n    at model.Query.<anonymous> (D:\\Training on Node\\NodeProject\\node_modules\\mongoose\\lib\\query.js:2045:8)\n    at model.Query._wrappedThunk [as _findOne] (D:\\Training on Node\\NodeProject\\node_modules\\mongoose\\lib\\helpers\\query\\wrapThunk.js:16:8)\n    at process.nextTick (D:\\Training on Node\\NodeProject\\node_modules\\kareem\\index.js:369:33)\n    at processTicksAndRejections (internal/process/next_tick.js:74:9)","name":"CastError","stringValue":"\"1\"","kind":"ObjectId","value":"1","path":"_id","level":"error","timestamp":"2019-08-23T09:51:49.289Z"}
{"level":"info","message":"Listening on Port 3000...","timestamp":"2019-08-23T09:53:08.732Z"}
{"level":"info","message":"Connected to mongodb+srv://vikash:espl123@myfirstcluster-bhteb.mongodb.net/nodeproject_test?retryWrites=true&w=majority...","timestamp":"2019-08-23T09:53:10.205Z"}
{"message":"Cast to ObjectId failed for value \"1\" at path \"_id\" for model \"Mobile\"","stack":"CastError: Cast to ObjectId failed for value \"1\" at path \"_id\" for model \"Mobile\"\n    at new CastError (D:\\Training on Node\\NodeProject\\node_modules\\mongoose\\lib\\error\\cast.js:29:11)\n    at ObjectId.Object.<anonymous>.ObjectId.cast (D:\\Training on Node\\NodeProject\\node_modules\\mongoose\\lib\\schema\\objectid.js:244:11)\n    at ObjectId.Object.<anonymous>.SchemaType.applySetters (D:\\Training on Node\\NodeProject\\node_modules\\mongoose\\lib\\schematype.js:948:12)\n    at ObjectId.Object.<anonymous>.SchemaType._castForQuery (D:\\Training on Node\\NodeProject\\node_modules\\mongoose\\lib\\schematype.js:1362:15)\n    at ObjectId.Object.<anonymous>.SchemaType.castForQuery (D:\\Training on Node\\NodeProject\\node_modules\\mongoose\\lib\\schematype.js:1352:15)\n    at ObjectId.Object.<anonymous>.SchemaType.castForQueryWrapper (D:\\Training on Node\\NodeProject\\node_modules\\mongoose\\lib\\schematype.js:1331:15)\n    at cast (D:\\Training on Node\\NodeProject\\node_modules\\mongoose\\lib\\cast.js:307:32)\n    at model.Query.Object.<anonymous>.Query.cast (D:\\Training on Node\\NodeProject\\node_modules\\mongoose\\lib\\query.js:4608:12)\n    at model.Query.Object.<anonymous>.Query._castConditions (D:\\Training on Node\\NodeProject\\node_modules\\mongoose\\lib\\query.js:1790:10)\n    at model.Query.<anonymous> (D:\\Training on Node\\NodeProject\\node_modules\\mongoose\\lib\\query.js:2045:8)\n    at model.Query._wrappedThunk [as _findOne] (D:\\Training on Node\\NodeProject\\node_modules\\mongoose\\lib\\helpers\\query\\wrapThunk.js:16:8)\n    at process.nextTick (D:\\Training on Node\\NodeProject\\node_modules\\kareem\\index.js:369:33)\n    at processTicksAndRejections (internal/process/next_tick.js:74:9)","name":"CastError","stringValue":"\"1\"","kind":"ObjectId","value":"1","path":"_id","level":"error","timestamp":"2019-08-23T09:53:12.695Z"}
{"level":"info","message":"Listening on Port 3000...","timestamp":"2019-08-23T09:54:58.821Z"}
{"level":"info","message":"Connected to mongodb+srv://vikash:espl123@myfirstcluster-bhteb.mongodb.net/nodeproject_test?retryWrites=true&w=majority...","timestamp":"2019-08-23T09:55:00.377Z"}
{"message":"Cast to ObjectId failed for value \"1\" at path \"_id\" for model \"Mobile\"","stack":"CastError: Cast to ObjectId failed for value \"1\" at path \"_id\" for model \"Mobile\"\n    at new CastError (D:\\Training on Node\\NodeProject\\node_modules\\mongoose\\lib\\error\\cast.js:29:11)\n    at ObjectId.Object.<anonymous>.ObjectId.cast (D:\\Training on Node\\NodeProject\\node_modules\\mongoose\\lib\\schema\\objectid.js:244:11)\n    at ObjectId.Object.<anonymous>.SchemaType.applySetters (D:\\Training on Node\\NodeProject\\node_modules\\mongoose\\lib\\schematype.js:948:12)\n    at ObjectId.Object.<anonymous>.SchemaType._castForQuery (D:\\Training on Node\\NodeProject\\node_modules\\mongoose\\lib\\schematype.js:1362:15)\n    at ObjectId.Object.<anonymous>.SchemaType.castForQuery (D:\\Training on Node\\NodeProject\\node_modules\\mongoose\\lib\\schematype.js:1352:15)\n    at ObjectId.Object.<anonymous>.SchemaType.castForQueryWrapper (D:\\Training on Node\\NodeProject\\node_modules\\mongoose\\lib\\schematype.js:1331:15)\n    at cast (D:\\Training on Node\\NodeProject\\node_modules\\mongoose\\lib\\cast.js:307:32)\n    at model.Query.Object.<anonymous>.Query.cast (D:\\Training on Node\\NodeProject\\node_modules\\mongoose\\lib\\query.js:4608:12)\n    at model.Query.Object.<anonymous>.Query._castConditions (D:\\Training on Node\\NodeProject\\node_modules\\mongoose\\lib\\query.js:1790:10)\n    at model.Query.<anonymous> (D:\\Training on Node\\NodeProject\\node_modules\\mongoose\\lib\\query.js:2045:8)\n    at model.Query._wrappedThunk [as _findOne] (D:\\Training on Node\\NodeProject\\node_modules\\mongoose\\lib\\helpers\\query\\wrapThunk.js:16:8)\n    at process.nextTick (D:\\Training on Node\\NodeProject\\node_modules\\kareem\\index.js:369:33)\n    at processTicksAndRejections (internal/process/next_tick.js:74:9)","name":"CastError","stringValue":"\"1\"","kind":"ObjectId","value":"1","path":"_id","level":"error","timestamp":"2019-08-23T09:55:02.986Z"}
{"level":"info","message":"Listening on Port 3000...","timestamp":"2019-08-23T10:01:39.699Z"}
{"level":"info","message":"Connected to mongodb+srv://vikash:espl123@myfirstcluster-bhteb.mongodb.net/nodeproject_test?retryWrites=true&w=majority...","timestamp":"2019-08-23T10:01:41.269Z"}
{"message":"mongoose is not defined","stack":"ReferenceError: mongoose is not defined\n    at Object.<anonymous>.router.get.asyncMiddleware (D:\\Training on Node\\NodeProject\\routes\\mobiles.js:18:5)\n    at handler (D:\\Training on Node\\NodeProject\\middleware\\async.js:4:19)\n    at Layer.handle [as handle_request] (D:\\Training on Node\\NodeProject\\node_modules\\express\\lib\\router\\layer.js:95:5)\n    at next (D:\\Training on Node\\NodeProject\\node_modules\\express\\lib\\router\\route.js:137:13)\n    at Route.dispatch (D:\\Training on Node\\NodeProject\\node_modules\\express\\lib\\router\\route.js:112:3)\n    at Layer.handle [as handle_request] (D:\\Training on Node\\NodeProject\\node_modules\\express\\lib\\router\\layer.js:95:5)\n    at D:\\Training on Node\\NodeProject\\node_modules\\express\\lib\\router\\index.js:281:22\n    at param (D:\\Training on Node\\NodeProject\\node_modules\\express\\lib\\router\\index.js:354:14)\n    at param (D:\\Training on Node\\NodeProject\\node_modules\\express\\lib\\router\\index.js:365:14)\n    at Function.process_params (D:\\Training on Node\\NodeProject\\node_modules\\express\\lib\\router\\index.js:410:3)\n    at next (D:\\Training on Node\\NodeProject\\node_modules\\express\\lib\\router\\index.js:275:10)\n    at Function.handle (D:\\Training on Node\\NodeProject\\node_modules\\express\\lib\\router\\index.js:174:3)\n    at router (D:\\Training on Node\\NodeProject\\node_modules\\express\\lib\\router\\index.js:47:12)\n    at Layer.handle [as handle_request] (D:\\Training on Node\\NodeProject\\node_modules\\express\\lib\\router\\layer.js:95:5)\n    at trim_prefix (D:\\Training on Node\\NodeProject\\node_modules\\express\\lib\\router\\index.js:317:13)\n    at D:\\Training on Node\\NodeProject\\node_modules\\express\\lib\\router\\index.js:284:7\n    at Function.process_params (D:\\Training on Node\\NodeProject\\node_modules\\express\\lib\\router\\index.js:335:12)\n    at next (D:\\Training on Node\\NodeProject\\node_modules\\express\\lib\\router\\index.js:275:10)\n    at jsonParser (D:\\Training on Node\\NodeProject\\node_modules\\body-parser\\lib\\types\\json.js:110:7)\n    at Layer.handle [as handle_request] (D:\\Training on Node\\NodeProject\\node_modules\\express\\lib\\router\\layer.js:95:5)\n    at trim_prefix (D:\\Training on Node\\NodeProject\\node_modules\\express\\lib\\router\\index.js:317:13)\n    at D:\\Training on Node\\NodeProject\\node_modules\\express\\lib\\router\\index.js:284:7\n    at Function.process_params (D:\\Training on Node\\NodeProject\\node_modules\\express\\lib\\router\\index.js:335:12)\n    at next (D:\\Training on Node\\NodeProject\\node_modules\\express\\lib\\router\\index.js:275:10)\n    at jsonParser (D:\\Training on Node\\NodeProject\\node_modules\\body-parser\\lib\\types\\json.js:110:7)\n    at Layer.handle [as handle_request] (D:\\Training on Node\\NodeProject\\node_modules\\express\\lib\\router\\layer.js:95:5)\n    at trim_prefix (D:\\Training on Node\\NodeProject\\node_modules\\express\\lib\\router\\index.js:317:13)\n    at D:\\Training on Node\\NodeProject\\node_modules\\express\\lib\\router\\index.js:284:7\n    at Function.process_params (D:\\Training on Node\\NodeProject\\node_modules\\express\\lib\\router\\index.js:335:12)\n    at next (D:\\Training on Node\\NodeProject\\node_modules\\express\\lib\\router\\index.js:275:10)\n    at expressInit (D:\\Training on Node\\NodeProject\\node_modules\\express\\lib\\middleware\\init.js:40:5)\n    at Layer.handle [as handle_request] (D:\\Training on Node\\NodeProject\\node_modules\\express\\lib\\router\\layer.js:95:5)\n    at trim_prefix (D:\\Training on Node\\NodeProject\\node_modules\\express\\lib\\router\\index.js:317:13)\n    at D:\\Training on Node\\NodeProject\\node_modules\\express\\lib\\router\\index.js:284:7\n    at Function.process_params (D:\\Training on Node\\NodeProject\\node_modules\\express\\lib\\router\\index.js:335:12)\n    at next (D:\\Training on Node\\NodeProject\\node_modules\\express\\lib\\router\\index.js:275:10)\n    at query (D:\\Training on Node\\NodeProject\\node_modules\\express\\lib\\middleware\\query.js:45:5)\n    at Layer.handle [as handle_request] (D:\\Training on Node\\NodeProject\\node_modules\\express\\lib\\router\\layer.js:95:5)\n    at trim_prefix (D:\\Training on Node\\NodeProject\\node_modules\\express\\lib\\router\\index.js:317:13)\n    at D:\\Training on Node\\NodeProject\\node_modules\\express\\lib\\router\\index.js:284:7\n    at Function.process_params (D:\\Training on Node\\NodeProject\\node_modules\\express\\lib\\router\\index.js:335:12)\n    at next (D:\\Training on Node\\NodeProject\\node_modules\\express\\lib\\router\\index.js:275:10)\n    at Function.handle (D:\\Training on Node\\NodeProject\\node_modules\\express\\lib\\router\\index.js:174:3)\n    at Function.handle (D:\\Training on Node\\NodeProject\\node_modules\\express\\lib\\application.js:174:10)\n    at Server.app (D:\\Training on Node\\NodeProject\\node_modules\\express\\lib\\express.js:39:9)\n    at Server.emit (events.js:197:13)\n    at parserOnIncoming (_http_server.js:680:12)\n    at HTTPParser.parserOnHeadersComplete (_http_common.js:113:17)","level":"error","timestamp":"2019-08-23T10:01:43.354Z"}
{"message":"mongoose is not defined","stack":"ReferenceError: mongoose is not defined\n    at Object.<anonymous>.router.get.asyncMiddleware (D:\\Training on Node\\NodeProject\\routes\\mobiles.js:18:5)\n    at handler (D:\\Training on Node\\NodeProject\\middleware\\async.js:4:19)\n    at Layer.handle [as handle_request] (D:\\Training on Node\\NodeProject\\node_modules\\express\\lib\\router\\layer.js:95:5)\n    at next (D:\\Training on Node\\NodeProject\\node_modules\\express\\lib\\router\\route.js:137:13)\n    at Route.dispatch (D:\\Training on Node\\NodeProject\\node_modules\\express\\lib\\router\\route.js:112:3)\n    at Layer.handle [as handle_request] (D:\\Training on Node\\NodeProject\\node_modules\\express\\lib\\router\\layer.js:95:5)\n    at D:\\Training on Node\\NodeProject\\node_modules\\express\\lib\\router\\index.js:281:22\n    at param (D:\\Training on Node\\NodeProject\\node_modules\\express\\lib\\router\\index.js:354:14)\n    at param (D:\\Training on Node\\NodeProject\\node_modules\\express\\lib\\router\\index.js:365:14)\n    at Function.process_params (D:\\Training on Node\\NodeProject\\node_modules\\express\\lib\\router\\index.js:410:3)\n    at next (D:\\Training on Node\\NodeProject\\node_modules\\express\\lib\\router\\index.js:275:10)\n    at Function.handle (D:\\Training on Node\\NodeProject\\node_modules\\express\\lib\\router\\index.js:174:3)\n    at router (D:\\Training on Node\\NodeProject\\node_modules\\express\\lib\\router\\index.js:47:12)\n    at Layer.handle [as handle_request] (D:\\Training on Node\\NodeProject\\node_modules\\express\\lib\\router\\layer.js:95:5)\n    at trim_prefix (D:\\Training on Node\\NodeProject\\node_modules\\express\\lib\\router\\index.js:317:13)\n    at D:\\Training on Node\\NodeProject\\node_modules\\express\\lib\\router\\index.js:284:7\n    at Function.process_params (D:\\Training on Node\\NodeProject\\node_modules\\express\\lib\\router\\index.js:335:12)\n    at next (D:\\Training on Node\\NodeProject\\node_modules\\express\\lib\\router\\index.js:275:10)\n    at jsonParser (D:\\Training on Node\\NodeProject\\node_modules\\body-parser\\lib\\types\\json.js:110:7)\n    at Layer.handle [as handle_request] (D:\\Training on Node\\NodeProject\\node_modules\\express\\lib\\router\\layer.js:95:5)\n    at trim_prefix (D:\\Training on Node\\NodeProject\\node_modules\\express\\lib\\router\\index.js:317:13)\n    at D:\\Training on Node\\NodeProject\\node_modules\\express\\lib\\router\\index.js:284:7\n    at Function.process_params (D:\\Training on Node\\NodeProject\\node_modules\\express\\lib\\router\\index.js:335:12)\n    at next (D:\\Training on Node\\NodeProject\\node_modules\\express\\lib\\router\\index.js:275:10)\n    at jsonParser (D:\\Training on Node\\NodeProject\\node_modules\\body-parser\\lib\\types\\json.js:110:7)\n    at Layer.handle [as handle_request] (D:\\Training on Node\\NodeProject\\node_modules\\express\\lib\\router\\layer.js:95:5)\n    at trim_prefix (D:\\Training on Node\\NodeProject\\node_modules\\express\\lib\\router\\index.js:317:13)\n    at D:\\Training on Node\\NodeProject\\node_modules\\express\\lib\\router\\index.js:284:7\n    at Function.process_params (D:\\Training on Node\\NodeProject\\node_modules\\express\\lib\\router\\index.js:335:12)\n    at next (D:\\Training on Node\\NodeProject\\node_modules\\express\\lib\\router\\index.js:275:10)\n    at expressInit (D:\\Training on Node\\NodeProject\\node_modules\\express\\lib\\middleware\\init.js:40:5)\n    at Layer.handle [as handle_request] (D:\\Training on Node\\NodeProject\\node_modules\\express\\lib\\router\\layer.js:95:5)\n    at trim_prefix (D:\\Training on Node\\NodeProject\\node_modules\\express\\lib\\router\\index.js:317:13)\n    at D:\\Training on Node\\NodeProject\\node_modules\\express\\lib\\router\\index.js:284:7\n    at Function.process_params (D:\\Training on Node\\NodeProject\\node_modules\\express\\lib\\router\\index.js:335:12)\n    at next (D:\\Training on Node\\NodeProject\\node_modules\\express\\lib\\router\\index.js:275:10)\n    at query (D:\\Training on Node\\NodeProject\\node_modules\\express\\lib\\middleware\\query.js:45:5)\n    at Layer.handle [as handle_request] (D:\\Training on Node\\NodeProject\\node_modules\\express\\lib\\router\\layer.js:95:5)\n    at trim_prefix (D:\\Training on Node\\NodeProject\\node_modules\\express\\lib\\router\\index.js:317:13)\n    at D:\\Training on Node\\NodeProject\\node_modules\\express\\lib\\router\\index.js:284:7\n    at Function.process_params (D:\\Training on Node\\NodeProject\\node_modules\\express\\lib\\router\\index.js:335:12)\n    at next (D:\\Training on Node\\NodeProject\\node_modules\\express\\lib\\router\\index.js:275:10)\n    at Function.handle (D:\\Training on Node\\NodeProject\\node_modules\\express\\lib\\router\\index.js:174:3)\n    at Function.handle (D:\\Training on Node\\NodeProject\\node_modules\\express\\lib\\application.js:174:10)\n    at Server.app (D:\\Training on Node\\NodeProject\\node_modules\\express\\lib\\express.js:39:9)\n    at Server.emit (events.js:197:13)\n    at parserOnIncoming (_http_server.js:680:12)\n    at HTTPParser.parserOnHeadersComplete (_http_common.js:113:17)","level":"error","timestamp":"2019-08-23T10:01:43.591Z"}
{"level":"info","message":"Listening on Port 3000...","timestamp":"2019-08-23T10:02:27.528Z"}
{"level":"info","message":"Connected to mongodb+srv://vikash:espl123@myfirstcluster-bhteb.mongodb.net/nodeproject_test?retryWrites=true&w=majority...","timestamp":"2019-08-23T10:02:29.116Z"}
{"level":"info","message":"Listening on Port 3000...","timestamp":"2019-08-23T10:03:03.162Z"}
{"level":"info","message":"Connected to mongodb+srv://vikash:espl123@myfirstcluster-bhteb.mongodb.net/nodeproject?retryWrites=true&w=majority...","timestamp":"2019-08-23T10:03:04.715Z"}
{"level":"info","message":"Listening on Port 3000...","timestamp":"2019-08-23T10:03:17.354Z"}
{"level":"info","message":"Connected to mongodb+srv://vikash:espl123@myfirstcluster-bhteb.mongodb.net/nodeproject?retryWrites=true&w=majority...","timestamp":"2019-08-23T10:03:18.879Z"}
{"message":"mongoose is not defined","stack":"ReferenceError: mongoose is not defined\n    at router.get.asyncMiddleware (D:\\Training on Node\\NodeProject\\routes\\mobiles.js:18:5)\n    at D:\\Training on Node\\NodeProject\\middleware\\async.js:4:19\n    at Layer.handle [as handle_request] (D:\\Training on Node\\NodeProject\\node_modules\\express\\lib\\router\\layer.js:95:5)\n    at next (D:\\Training on Node\\NodeProject\\node_modules\\express\\lib\\router\\route.js:137:13)\n    at Route.dispatch (D:\\Training on Node\\NodeProject\\node_modules\\express\\lib\\router\\route.js:112:3)\n    at Layer.handle [as handle_request] (D:\\Training on Node\\NodeProject\\node_modules\\express\\lib\\router\\layer.js:95:5)\n    at D:\\Training on Node\\NodeProject\\node_modules\\express\\lib\\router\\index.js:281:22\n    at param (D:\\Training on Node\\NodeProject\\node_modules\\express\\lib\\router\\index.js:354:14)\n    at param (D:\\Training on Node\\NodeProject\\node_modules\\express\\lib\\router\\index.js:365:14)\n    at Function.process_params (D:\\Training on Node\\NodeProject\\node_modules\\express\\lib\\router\\index.js:410:3)\n    at next (D:\\Training on Node\\NodeProject\\node_modules\\express\\lib\\router\\index.js:275:10)\n    at Function.handle (D:\\Training on Node\\NodeProject\\node_modules\\express\\lib\\router\\index.js:174:3)\n    at router (D:\\Training on Node\\NodeProject\\node_modules\\express\\lib\\router\\index.js:47:12)\n    at Layer.handle [as handle_request] (D:\\Training on Node\\NodeProject\\node_modules\\express\\lib\\router\\layer.js:95:5)\n    at trim_prefix (D:\\Training on Node\\NodeProject\\node_modules\\express\\lib\\router\\index.js:317:13)\n    at D:\\Training on Node\\NodeProject\\node_modules\\express\\lib\\router\\index.js:284:7","level":"error","timestamp":"2019-08-23T10:03:52.456Z"}
{"level":"info","message":"Listening on Port 3000...","timestamp":"2019-08-23T10:05:01.248Z"}
{"level":"info","message":"Connected to mongodb+srv://vikash:espl123@myfirstcluster-bhteb.mongodb.net/nodeproject?retryWrites=true&w=majority...","timestamp":"2019-08-23T10:05:03.167Z"}
{"level":"info","message":"Listening on Port 3000...","timestamp":"2019-08-23T10:06:04.490Z"}
{"level":"info","message":"Connected to mongodb+srv://vikash:espl123@myfirstcluster-bhteb.mongodb.net/nodeproject_test?retryWrites=true&w=majority...","timestamp":"2019-08-23T10:06:06.014Z"}
{"level":"info","message":"Listening on Port 3000...","timestamp":"2019-08-23T10:10:49.813Z"}
{"level":"info","message":"Connected to mongodb+srv://vikash:espl123@myfirstcluster-bhteb.mongodb.net/nodeproject_test?retryWrites=true&w=majority...","timestamp":"2019-08-23T10:10:51.414Z"}
{"level":"info","message":"Listening on Port 3000...","timestamp":"2019-08-23T10:12:34.689Z"}
{"level":"info","message":"Connected to mongodb+srv://vikash:espl123@myfirstcluster-bhteb.mongodb.net/nodeproject_test?retryWrites=true&w=majority...","timestamp":"2019-08-23T10:12:36.262Z"}
{"level":"info","message":"Listening on Port 3000...","timestamp":"2019-08-23T10:14:33.141Z"}
{"level":"info","message":"Connected to mongodb+srv://vikash:espl123@myfirstcluster-bhteb.mongodb.net/nodeproject_test?retryWrites=true&w=majority...","timestamp":"2019-08-23T10:14:34.608Z"}
{"level":"info","message":"Listening on Port 3000...","timestamp":"2019-08-23T10:14:58.950Z"}
{"level":"info","message":"Connected to mongodb+srv://vikash:espl123@myfirstcluster-bhteb.mongodb.net/nodeproject?retryWrites=true&w=majority...","timestamp":"2019-08-23T10:15:01.563Z"}
{"level":"info","message":"Listening on Port 3000...","timestamp":"2019-08-23T10:15:50.850Z"}
{"level":"info","message":"Connected to mongodb+srv://vikash:espl123@myfirstcluster-bhteb.mongodb.net/nodeproject_test?retryWrites=true&w=majority...","timestamp":"2019-08-23T10:15:52.927Z"}
{"level":"info","message":"Listening on Port 3000...","timestamp":"2019-08-23T10:39:49.952Z"}
{"level":"info","message":"Connected to mongodb+srv://vikash:espl123@myfirstcluster-bhteb.mongodb.net/nodeproject_test?retryWrites=true&w=majority...","timestamp":"2019-08-23T10:39:51.470Z"}
{"level":"info","message":"Listening on Port 3000...","timestamp":"2019-08-23T10:43:40.246Z"}
{"level":"info","message":"Connected to mongodb+srv://vikash:espl123@myfirstcluster-bhteb.mongodb.net/nodeproject_test?retryWrites=true&w=majority...","timestamp":"2019-08-23T10:43:41.868Z"}
{"level":"info","message":"Listening on Port 3000...","timestamp":"2019-08-23T10:45:49.973Z"}
{"level":"info","message":"Connected to mongodb+srv://vikash:espl123@myfirstcluster-bhteb.mongodb.net/nodeproject_test?retryWrites=true&w=majority...","timestamp":"2019-08-23T10:45:51.440Z"}
{"level":"info","message":"Listening on Port 3000...","timestamp":"2019-08-23T10:46:30.605Z"}
{"level":"info","message":"Connected to mongodb+srv://vikash:espl123@myfirstcluster-bhteb.mongodb.net/nodeproject_test?retryWrites=true&w=majority...","timestamp":"2019-08-23T10:46:32.093Z"}
{"level":"info","message":"Listening on Port 3000...","timestamp":"2019-08-23T10:47:02.027Z"}
{"level":"info","message":"Connected to mongodb+srv://vikash:espl123@myfirstcluster-bhteb.mongodb.net/nodeproject_test?retryWrites=true&w=majority...","timestamp":"2019-08-23T10:47:03.522Z"}
{"level":"info","message":"Listening on Port 3000...","timestamp":"2019-08-23T10:48:19.368Z"}
{"level":"info","message":"Connected to mongodb+srv://vikash:espl123@myfirstcluster-bhteb.mongodb.net/nodeproject_test?retryWrites=true&w=majority...","timestamp":"2019-08-23T10:48:21.400Z"}
{"level":"info","message":"Listening on Port 3000...","timestamp":"2019-08-23T10:49:39.015Z"}
{"level":"info","message":"Connected to mongodb+srv://vikash:espl123@myfirstcluster-bhteb.mongodb.net/nodeproject_test?retryWrites=true&w=majority...","timestamp":"2019-08-23T10:49:40.510Z"}
{"level":"info","message":"Listening on Port 3000...","timestamp":"2019-08-23T10:50:35.484Z"}
{"level":"info","message":"Connected to mongodb+srv://vikash:espl123@myfirstcluster-bhteb.mongodb.net/nodeproject_test?retryWrites=true&w=majority...","timestamp":"2019-08-23T10:50:36.987Z"}
{"level":"info","message":"Listening on Port 3000...","timestamp":"2019-08-23T10:52:01.508Z"}
{"level":"info","message":"Connected to mongodb+srv://vikash:espl123@myfirstcluster-bhteb.mongodb.net/nodeproject_test?retryWrites=true&w=majority...","timestamp":"2019-08-23T10:52:03.025Z"}
{"level":"info","message":"Listening on Port 3000...","timestamp":"2019-08-23T10:52:54.249Z"}
{"level":"info","message":"Connected to mongodb+srv://vikash:espl123@myfirstcluster-bhteb.mongodb.net/nodeproject_test?retryWrites=true&w=majority...","timestamp":"2019-08-23T10:52:55.761Z"}
{"level":"info","message":"Listening on Port 3000...","timestamp":"2019-08-23T10:55:02.458Z"}
{"level":"info","message":"Connected to mongodb+srv://vikash:espl123@myfirstcluster-bhteb.mongodb.net/nodeproject_test?retryWrites=true&w=majority...","timestamp":"2019-08-23T10:55:03.985Z"}
{"level":"info","message":"Listening on Port 3000...","timestamp":"2019-08-23T10:55:11.563Z"}
{"level":"info","message":"Connected to mongodb+srv://vikash:espl123@myfirstcluster-bhteb.mongodb.net/nodeproject_test?retryWrites=true&w=majority...","timestamp":"2019-08-23T10:55:13.036Z"}
{"level":"info","message":"Listening on Port 3000...","timestamp":"2019-08-23T10:56:03.254Z"}
{"level":"info","message":"Connected to mongodb+srv://vikash:espl123@myfirstcluster-bhteb.mongodb.net/nodeproject_test?retryWrites=true&w=majority...","timestamp":"2019-08-23T10:56:04.878Z"}
{"level":"info","message":"Listening on Port 3000...","timestamp":"2019-08-23T10:56:11.769Z"}
{"level":"info","message":"Connected to mongodb+srv://vikash:espl123@myfirstcluster-bhteb.mongodb.net/nodeproject_test?retryWrites=true&w=majority...","timestamp":"2019-08-23T10:56:13.287Z"}
{"level":"info","message":"Listening on Port 3000...","timestamp":"2019-08-23T10:59:28.165Z"}
{"level":"info","message":"Connected to mongodb+srv://vikash:espl123@myfirstcluster-bhteb.mongodb.net/nodeproject_test?retryWrites=true&w=majority...","timestamp":"2019-08-23T10:59:29.629Z"}
{"level":"info","message":"Listening on Port 3000...","timestamp":"2019-08-23T10:59:38.954Z"}
{"level":"info","message":"Connected to mongodb+srv://vikash:espl123@myfirstcluster-bhteb.mongodb.net/nodeproject_test?retryWrites=true&w=majority...","timestamp":"2019-08-23T10:59:40.435Z"}
{"level":"info","message":"Listening on Port 3000...","timestamp":"2019-08-23T11:00:24.011Z"}
{"level":"info","message":"Connected to mongodb+srv://vikash:espl123@myfirstcluster-bhteb.mongodb.net/nodeproject_test?retryWrites=true&w=majority...","timestamp":"2019-08-23T11:00:25.618Z"}
{"level":"info","message":"Listening on Port 3000...","timestamp":"2019-08-23T11:05:40.677Z"}
{"level":"info","message":"Connected to mongodb+srv://vikash:espl123@myfirstcluster-bhteb.mongodb.net/nodeproject_test?retryWrites=true&w=majority...","timestamp":"2019-08-23T11:05:42.172Z"}
{"level":"info","message":"Listening on Port 3000...","timestamp":"2019-08-23T11:06:55.225Z"}
{"level":"info","message":"Connected to mongodb+srv://vikash:espl123@myfirstcluster-bhteb.mongodb.net/nodeproject_test?retryWrites=true&w=majority...","timestamp":"2019-08-23T11:06:56.703Z"}
{"level":"info","message":"Listening on Port 3000...","timestamp":"2019-08-23T11:08:22.828Z"}
{"level":"info","message":"Connected to mongodb+srv://vikash:espl123@myfirstcluster-bhteb.mongodb.net/nodeproject_test?retryWrites=true&w=majority...","timestamp":"2019-08-23T11:08:24.338Z"}
{"level":"info","message":"Listening on Port 3000...","timestamp":"2019-08-23T11:08:55.257Z"}
{"level":"info","message":"Connected to mongodb+srv://vikash:espl123@myfirstcluster-bhteb.mongodb.net/nodeproject_test?retryWrites=true&w=majority...","timestamp":"2019-08-23T11:08:56.803Z"}
{"level":"info","message":"Listening on Port 3000...","timestamp":"2019-08-23T11:09:35.186Z"}
{"level":"info","message":"Connected to mongodb+srv://vikash:espl123@myfirstcluster-bhteb.mongodb.net/nodeproject_test?retryWrites=true&w=majority...","timestamp":"2019-08-23T11:09:36.783Z"}
{"level":"info","message":"Listening on Port 3000...","timestamp":"2019-08-23T11:09:59.325Z"}
{"level":"info","message":"Connected to mongodb+srv://vikash:espl123@myfirstcluster-bhteb.mongodb.net/nodeproject_test?retryWrites=true&w=majority...","timestamp":"2019-08-23T11:10:00.837Z"}
{"level":"info","message":"Listening on Port 3000...","timestamp":"2019-08-23T11:12:29.549Z"}
{"level":"info","message":"Connected to mongodb+srv://vikash:espl123@myfirstcluster-bhteb.mongodb.net/nodeproject_test?retryWrites=true&w=majority...","timestamp":"2019-08-23T11:12:31.069Z"}
{"level":"info","message":"Listening on Port 3000...","timestamp":"2019-08-23T11:12:49.518Z"}
{"level":"info","message":"Connected to mongodb+srv://vikash:espl123@myfirstcluster-bhteb.mongodb.net/nodeproject_test?retryWrites=true&w=majority...","timestamp":"2019-08-23T11:12:51.035Z"}
{"level":"info","message":"Listening on Port 3000...","timestamp":"2019-08-23T11:19:39.728Z"}
{"level":"info","message":"Connected to mongodb+srv://vikash:espl123@myfirstcluster-bhteb.mongodb.net/nodeproject_test?retryWrites=true&w=majority...","timestamp":"2019-08-23T11:19:41.241Z"}
{"level":"info","message":"Listening on Port 3000...","timestamp":"2019-08-23T11:22:43.524Z"}
{"level":"info","message":"Connected to mongodb+srv://vikash:espl123@myfirstcluster-bhteb.mongodb.net/nodeproject_test?retryWrites=true&w=majority...","timestamp":"2019-08-23T11:22:44.993Z"}
{"level":"info","message":"Listening on Port 3000...","timestamp":"2019-08-23T11:24:26.543Z"}
{"level":"info","message":"Connected to mongodb+srv://vikash:espl123@myfirstcluster-bhteb.mongodb.net/nodeproject_test?retryWrites=true&w=majority...","timestamp":"2019-08-23T11:24:28.039Z"}
{"level":"info","message":"Listening on Port 3000...","timestamp":"2019-08-23T11:26:00.732Z"}
{"level":"info","message":"Connected to mongodb+srv://vikash:espl123@myfirstcluster-bhteb.mongodb.net/nodeproject_test?retryWrites=true&w=majority...","timestamp":"2019-08-23T11:26:02.225Z"}
{"level":"info","message":"Listening on Port 3000...","timestamp":"2019-08-23T11:27:00.204Z"}
{"level":"info","message":"Connected to mongodb+srv://vikash:espl123@myfirstcluster-bhteb.mongodb.net/nodeproject_test?retryWrites=true&w=majority...","timestamp":"2019-08-23T11:27:01.712Z"}
{"level":"info","message":"Listening on Port 3000...","timestamp":"2019-08-23T11:28:38.714Z"}
{"level":"info","message":"Connected to mongodb+srv://vikash:espl123@myfirstcluster-bhteb.mongodb.net/nodeproject_test?retryWrites=true&w=majority...","timestamp":"2019-08-23T11:28:40.226Z"}
{"level":"info","message":"Listening on Port 3000...","timestamp":"2019-08-23T11:30:30.975Z"}
{"level":"info","message":"Connected to mongodb+srv://vikash:espl123@myfirstcluster-bhteb.mongodb.net/nodeproject_test?retryWrites=true&w=majority...","timestamp":"2019-08-23T11:30:32.466Z"}
{"level":"info","message":"Listening on Port 3000...","timestamp":"2019-08-23T11:32:56.688Z"}
{"level":"info","message":"Connected to mongodb+srv://vikash:espl123@myfirstcluster-bhteb.mongodb.net/nodeproject_test?retryWrites=true&w=majority...","timestamp":"2019-08-23T11:32:58.233Z"}
{"level":"info","message":"Listening on Port 3000...","timestamp":"2019-08-23T11:33:14.150Z"}
{"level":"info","message":"Connected to mongodb+srv://vikash:espl123@myfirstcluster-bhteb.mongodb.net/nodeproject_test?retryWrites=true&w=majority...","timestamp":"2019-08-23T11:33:15.625Z"}
{"level":"info","message":"Listening on Port 3000...","timestamp":"2019-08-23T11:34:34.161Z"}
{"level":"info","message":"Connected to mongodb+srv://vikash:espl123@myfirstcluster-bhteb.mongodb.net/nodeproject_test?retryWrites=true&w=majority...","timestamp":"2019-08-23T11:34:35.659Z"}
{"level":"info","message":"Listening on Port 3000...","timestamp":"2019-08-23T11:34:54.798Z"}
{"level":"info","message":"Connected to mongodb+srv://vikash:espl123@myfirstcluster-bhteb.mongodb.net/nodeproject_test?retryWrites=true&w=majority...","timestamp":"2019-08-23T11:34:56.382Z"}
{"level":"info","message":"Listening on Port 3000...","timestamp":"2019-08-23T11:38:47.298Z"}
{"level":"info","message":"Connected to mongodb+srv://vikash:espl123@myfirstcluster-bhteb.mongodb.net/nodeproject_test?retryWrites=true&w=majority...","timestamp":"2019-08-23T11:38:48.800Z"}
{"level":"info","message":"Listening on Port 3000...","timestamp":"2019-08-23T11:39:12.205Z"}
{"level":"info","message":"Connected to mongodb+srv://vikash:espl123@myfirstcluster-bhteb.mongodb.net/nodeproject_test?retryWrites=true&w=majority...","timestamp":"2019-08-23T11:39:13.838Z"}
{"level":"info","message":"Listening on Port 3000...","timestamp":"2019-08-23T11:40:04.254Z"}
{"level":"info","message":"Connected to mongodb+srv://vikash:espl123@myfirstcluster-bhteb.mongodb.net/nodeproject_test?retryWrites=true&w=majority...","timestamp":"2019-08-23T11:40:05.745Z"}
{"level":"info","message":"Listening on Port 3000...","timestamp":"2019-08-23T11:43:02.220Z"}
{"level":"info","message":"Connected to mongodb+srv://vikash:espl123@myfirstcluster-bhteb.mongodb.net/nodeproject_test?retryWrites=true&w=majority...","timestamp":"2019-08-23T11:43:03.750Z"}
{"level":"info","message":"Listening on Port 3000...","timestamp":"2019-08-23T11:44:37.505Z"}
{"level":"info","message":"Connected to mongodb+srv://vikash:espl123@myfirstcluster-bhteb.mongodb.net/nodeproject_test?retryWrites=true&w=majority...","timestamp":"2019-08-23T11:44:38.975Z"}
{"level":"info","message":"Listening on Port 3000...","timestamp":"2019-08-23T11:45:39.021Z"}
{"level":"info","message":"Connected to mongodb+srv://vikash:espl123@myfirstcluster-bhteb.mongodb.net/nodeproject_test?retryWrites=true&w=majority...","timestamp":"2019-08-23T11:45:40.559Z"}
{"level":"info","message":"Listening on Port 3000...","timestamp":"2019-08-23T11:46:17.033Z"}
{"level":"info","message":"Connected to mongodb+srv://vikash:espl123@myfirstcluster-bhteb.mongodb.net/nodeproject_test?retryWrites=true&w=majority...","timestamp":"2019-08-23T11:46:18.699Z"}
{"level":"info","message":"Listening on Port 3000...","timestamp":"2019-08-23T11:47:52.372Z"}
{"level":"info","message":"Listening on Port 3000...","timestamp":"2019-08-23T11:48:09.034Z"}
{"level":"info","message":"Connected to mongodb+srv://vikash:espl123@myfirstcluster-bhteb.mongodb.net/nodeproject_test?retryWrites=true&w=majority...","timestamp":"2019-08-23T11:48:10.548Z"}
{"level":"info","message":"Listening on Port 3000...","timestamp":"2019-08-23T11:48:47.086Z"}
{"level":"info","message":"Connected to mongodb+srv://vikash:espl123@myfirstcluster-bhteb.mongodb.net/nodeproject_test?retryWrites=true&w=majority...","timestamp":"2019-08-23T11:48:49.054Z"}
{"level":"info","message":"Listening on Port 3000...","timestamp":"2019-08-23T11:49:10.983Z"}
{"level":"info","message":"Connected to mongodb+srv://vikash:espl123@myfirstcluster-bhteb.mongodb.net/nodeproject_test?retryWrites=true&w=majority...","timestamp":"2019-08-23T11:49:12.636Z"}
{"level":"info","message":"Listening on Port 3000...","timestamp":"2019-08-23T13:12:09.369Z"}
{"level":"info","message":"Connected to mongodb+srv://vikash:espl123@myfirstcluster-bhteb.mongodb.net/nodeproject_test?retryWrites=true&w=majority...","timestamp":"2019-08-23T13:12:10.877Z"}
{"level":"info","message":"Listening on Port 3000...","timestamp":"2019-08-26T03:06:26.628Z"}
{"level":"info","message":"Connected to mongodb+srv://vikash:espl123@myfirstcluster-bhteb.mongodb.net/nodeproject?retryWrites=true&w=majority...","timestamp":"2019-08-26T03:06:28.229Z"}
{"level":"info","message":"Listening on Port 3000...","timestamp":"2019-08-26T03:07:57.069Z"}
{"level":"info","message":"Connected to mongodb+srv://vikash:espl123@myfirstcluster-bhteb.mongodb.net/nodeproject_test?retryWrites=true&w=majority...","timestamp":"2019-08-26T03:07:58.652Z"}
{"level":"info","message":"Listening on Port 3000...","timestamp":"2019-08-26T03:10:01.984Z"}
{"level":"info","message":"Connected to mongodb+srv://vikash:espl123@myfirstcluster-bhteb.mongodb.net/nodeproject_test?retryWrites=true&w=majority...","timestamp":"2019-08-26T03:10:03.541Z"}
{"level":"info","message":"Listening on Port 3000...","timestamp":"2019-08-26T03:10:24.805Z"}
{"level":"info","message":"Connected to mongodb+srv://vikash:espl123@myfirstcluster-bhteb.mongodb.net/nodeproject_test?retryWrites=true&w=majority...","timestamp":"2019-08-26T03:10:26.362Z"}
{"level":"info","message":"Listening on Port 3000...","timestamp":"2019-08-26T03:17:00.901Z"}
{"level":"info","message":"Connected to mongodb+srv://vikash:espl123@myfirstcluster-bhteb.mongodb.net/nodeproject_test?retryWrites=true&w=majority...","timestamp":"2019-08-26T03:17:02.417Z"}
{"level":"info","message":"Listening on Port 3000...","timestamp":"2019-08-26T03:20:26.212Z"}
{"level":"info","message":"Connected to mongodb+srv://vikash:espl123@myfirstcluster-bhteb.mongodb.net/nodeproject_test?retryWrites=true&w=majority...","timestamp":"2019-08-26T03:20:27.724Z"}
{"level":"info","message":"Listening on Port 3000...","timestamp":"2019-08-26T03:21:24.553Z"}
{"level":"info","message":"Connected to mongodb+srv://vikash:espl123@myfirstcluster-bhteb.mongodb.net/nodeproject_test?retryWrites=true&w=majority...","timestamp":"2019-08-26T03:21:26.057Z"}
{"level":"info","message":"Listening on Port 3000...","timestamp":"2019-08-26T03:42:55.781Z"}
{"level":"info","message":"Connected to mongodb+srv://vikash:espl123@myfirstcluster-bhteb.mongodb.net/nodeproject_test?retryWrites=true&w=majority...","timestamp":"2019-08-26T03:42:57.285Z"}
{"level":"info","message":"Listening on Port 3000...","timestamp":"2019-08-26T03:48:21.777Z"}
{"level":"info","message":"Connected to mongodb+srv://vikash:espl123@myfirstcluster-bhteb.mongodb.net/nodeproject_test?retryWrites=true&w=majority...","timestamp":"2019-08-26T03:48:23.366Z"}
{"level":"info","message":"Listening on Port 3000...","timestamp":"2019-08-26T03:48:53.637Z"}
{"level":"info","message":"Connected to mongodb+srv://vikash:espl123@myfirstcluster-bhteb.mongodb.net/nodeproject_test?retryWrites=true&w=majority...","timestamp":"2019-08-26T03:48:55.088Z"}
{"level":"info","message":"Listening on Port 3000...","timestamp":"2019-08-26T03:50:53.608Z"}
{"level":"info","message":"Connected to mongodb+srv://vikash:espl123@myfirstcluster-bhteb.mongodb.net/nodeproject_test?retryWrites=true&w=majority...","timestamp":"2019-08-26T03:50:55.136Z"}
{"level":"info","message":"Listening on Port 3000...","timestamp":"2019-08-26T03:52:17.823Z"}
{"level":"info","message":"Connected to mongodb+srv://vikash:espl123@myfirstcluster-bhteb.mongodb.net/nodeproject_test?retryWrites=true&w=majority...","timestamp":"2019-08-26T03:52:19.313Z"}
{"level":"info","message":"Listening on Port 3000...","timestamp":"2019-08-26T03:52:53.456Z"}
{"level":"info","message":"Connected to mongodb+srv://vikash:espl123@myfirstcluster-bhteb.mongodb.net/nodeproject_test?retryWrites=true&w=majority...","timestamp":"2019-08-26T03:52:54.960Z"}
{"level":"info","message":"Listening on Port 3000...","timestamp":"2019-08-26T03:54:08.948Z"}
{"level":"info","message":"Connected to mongodb+srv://vikash:espl123@myfirstcluster-bhteb.mongodb.net/nodeproject_test?retryWrites=true&w=majority...","timestamp":"2019-08-26T03:54:10.453Z"}
{"level":"info","message":"Listening on Port 3000...","timestamp":"2019-08-26T03:54:30.184Z"}
{"level":"info","message":"Connected to mongodb+srv://vikash:espl123@myfirstcluster-bhteb.mongodb.net/nodeproject_test?retryWrites=true&w=majority...","timestamp":"2019-08-26T03:54:31.755Z"}
{"level":"info","message":"Listening on Port 3000...","timestamp":"2019-08-26T03:55:10.537Z"}
{"level":"info","message":"Connected to mongodb+srv://vikash:espl123@myfirstcluster-bhteb.mongodb.net/nodeproject_test?retryWrites=true&w=majority...","timestamp":"2019-08-26T03:55:12.232Z"}
{"level":"info","message":"Listening on Port 3000...","timestamp":"2019-08-26T04:03:53.338Z"}
{"level":"info","message":"Connected to mongodb+srv://vikash:espl123@myfirstcluster-bhteb.mongodb.net/nodeproject_test?retryWrites=true&w=majority...","timestamp":"2019-08-26T04:03:54.822Z"}
{"level":"info","message":"Listening on Port 3000...","timestamp":"2019-08-26T04:04:15.595Z"}
{"level":"info","message":"Connected to mongodb+srv://vikash:espl123@myfirstcluster-bhteb.mongodb.net/nodeproject_test?retryWrites=true&w=majority...","timestamp":"2019-08-26T04:04:17.107Z"}
{"level":"info","message":"Listening on Port 3000...","timestamp":"2019-08-26T04:04:53.225Z"}
{"level":"info","message":"Connected to mongodb+srv://vikash:espl123@myfirstcluster-bhteb.mongodb.net/nodeproject_test?retryWrites=true&w=majority...","timestamp":"2019-08-26T04:04:55.088Z"}
{"level":"info","message":"Listening on Port 3000...","timestamp":"2019-08-26T04:05:26.485Z"}
{"level":"info","message":"Connected to mongodb+srv://vikash:espl123@myfirstcluster-bhteb.mongodb.net/nodeproject_test?retryWrites=true&w=majority...","timestamp":"2019-08-26T04:05:28.191Z"}
{"level":"error","timestamp":"2019-08-26T04:05:31.226Z"}
{"level":"info","message":"Listening on Port 3000...","timestamp":"2019-08-26T04:13:50.497Z"}
{"level":"info","message":"Connected to mongodb+srv://vikash:espl123@myfirstcluster-bhteb.mongodb.net/nodeproject_test?retryWrites=true&w=majority...","timestamp":"2019-08-26T04:13:51.995Z"}
{"level":"error","timestamp":"2019-08-26T04:13:55.035Z"}
{"message":"Cast to ObjectId failed for value \"1\" at path \"_id\" for model \"Mobile\"","stack":"CastError: Cast to ObjectId failed for value \"1\" at path \"_id\" for model \"Mobile\"\n    at new CastError (D:\\Training on Node\\NodeProject\\node_modules\\mongoose\\lib\\error\\cast.js:29:11)\n    at ObjectId.Object.<anonymous>.ObjectId.cast (D:\\Training on Node\\NodeProject\\node_modules\\mongoose\\lib\\schema\\objectid.js:244:11)\n    at ObjectId.Object.<anonymous>.SchemaType.applySetters (D:\\Training on Node\\NodeProject\\node_modules\\mongoose\\lib\\schematype.js:948:12)\n    at ObjectId.Object.<anonymous>.SchemaType._castForQuery (D:\\Training on Node\\NodeProject\\node_modules\\mongoose\\lib\\schematype.js:1362:15)\n    at ObjectId.Object.<anonymous>.SchemaType.castForQuery (D:\\Training on Node\\NodeProject\\node_modules\\mongoose\\lib\\schematype.js:1352:15)\n    at ObjectId.Object.<anonymous>.SchemaType.castForQueryWrapper (D:\\Training on Node\\NodeProject\\node_modules\\mongoose\\lib\\schematype.js:1331:15)\n    at cast (D:\\Training on Node\\NodeProject\\node_modules\\mongoose\\lib\\cast.js:307:32)\n    at model.Query.Object.<anonymous>.Query.cast (D:\\Training on Node\\NodeProject\\node_modules\\mongoose\\lib\\query.js:4608:12)\n    at castQuery (D:\\Training on Node\\NodeProject\\node_modules\\mongoose\\lib\\query.js:4421:18)\n    at model.Query.Object.<anonymous>.Query._findAndModify (D:\\Training on Node\\NodeProject\\node_modules\\mongoose\\lib\\query.js:3365:23)\n    at model.Query.<anonymous> (D:\\Training on Node\\NodeProject\\node_modules\\mongoose\\lib\\query.js:2949:8)\n    at model.Query._wrappedThunk [as _findOneAndUpdate] (D:\\Training on Node\\NodeProject\\node_modules\\mongoose\\lib\\helpers\\query\\wrapThunk.js:16:8)\n    at process.nextTick (D:\\Training on Node\\NodeProject\\node_modules\\kareem\\index.js:369:33)\n    at processTicksAndRejections (internal/process/next_tick.js:74:9)","name":"CastError","stringValue":"\"1\"","kind":"ObjectId","value":"1","path":"_id","level":"error","timestamp":"2019-08-26T04:13:59.084Z"}
{"level":"info","message":"Listening on Port 3000...","timestamp":"2019-08-26T04:17:44.861Z"}
{"level":"info","message":"Connected to mongodb+srv://vikash:espl123@myfirstcluster-bhteb.mongodb.net/nodeproject_test?retryWrites=true&w=majority...","timestamp":"2019-08-26T04:17:46.369Z"}
{"level":"error","timestamp":"2019-08-26T04:17:49.365Z"}
{"message":"Cast to ObjectId failed for value \"1\" at path \"_id\" for model \"Mobile\"","stack":"CastError: Cast to ObjectId failed for value \"1\" at path \"_id\" for model \"Mobile\"\n    at new CastError (D:\\Training on Node\\NodeProject\\node_modules\\mongoose\\lib\\error\\cast.js:29:11)\n    at ObjectId.Object.<anonymous>.ObjectId.cast (D:\\Training on Node\\NodeProject\\node_modules\\mongoose\\lib\\schema\\objectid.js:244:11)\n    at ObjectId.Object.<anonymous>.SchemaType.applySetters (D:\\Training on Node\\NodeProject\\node_modules\\mongoose\\lib\\schematype.js:948:12)\n    at ObjectId.Object.<anonymous>.SchemaType._castForQuery (D:\\Training on Node\\NodeProject\\node_modules\\mongoose\\lib\\schematype.js:1362:15)\n    at ObjectId.Object.<anonymous>.SchemaType.castForQuery (D:\\Training on Node\\NodeProject\\node_modules\\mongoose\\lib\\schematype.js:1352:15)\n    at ObjectId.Object.<anonymous>.SchemaType.castForQueryWrapper (D:\\Training on Node\\NodeProject\\node_modules\\mongoose\\lib\\schematype.js:1331:15)\n    at cast (D:\\Training on Node\\NodeProject\\node_modules\\mongoose\\lib\\cast.js:307:32)\n    at model.Query.Object.<anonymous>.Query.cast (D:\\Training on Node\\NodeProject\\node_modules\\mongoose\\lib\\query.js:4608:12)\n    at castQuery (D:\\Training on Node\\NodeProject\\node_modules\\mongoose\\lib\\query.js:4421:18)\n    at model.Query.Object.<anonymous>.Query._findAndModify (D:\\Training on Node\\NodeProject\\node_modules\\mongoose\\lib\\query.js:3365:23)\n    at model.Query.<anonymous> (D:\\Training on Node\\NodeProject\\node_modules\\mongoose\\lib\\query.js:2949:8)\n    at model.Query._wrappedThunk [as _findOneAndUpdate] (D:\\Training on Node\\NodeProject\\node_modules\\mongoose\\lib\\helpers\\query\\wrapThunk.js:16:8)\n    at process.nextTick (D:\\Training on Node\\NodeProject\\node_modules\\kareem\\index.js:369:33)\n    at processTicksAndRejections (internal/process/next_tick.js:74:9)","name":"CastError","stringValue":"\"1\"","kind":"ObjectId","value":"1","path":"_id","level":"error","timestamp":"2019-08-26T04:17:53.347Z"}
{"level":"info","message":"Listening on Port 3000...","timestamp":"2019-08-26T04:20:21.445Z"}
{"level":"info","message":"Connected to mongodb+srv://vikash:espl123@myfirstcluster-bhteb.mongodb.net/nodeproject_test?retryWrites=true&w=majority...","timestamp":"2019-08-26T04:20:22.950Z"}
{"level":"error","timestamp":"2019-08-26T04:20:25.982Z"}
{"message":"Cast to ObjectId failed for value \"1\" at path \"_id\" for model \"Mobile\"","stack":"CastError: Cast to ObjectId failed for value \"1\" at path \"_id\" for model \"Mobile\"\n    at new CastError (D:\\Training on Node\\NodeProject\\node_modules\\mongoose\\lib\\error\\cast.js:29:11)\n    at ObjectId.Object.<anonymous>.ObjectId.cast (D:\\Training on Node\\NodeProject\\node_modules\\mongoose\\lib\\schema\\objectid.js:244:11)\n    at ObjectId.Object.<anonymous>.SchemaType.applySetters (D:\\Training on Node\\NodeProject\\node_modules\\mongoose\\lib\\schematype.js:948:12)\n    at ObjectId.Object.<anonymous>.SchemaType._castForQuery (D:\\Training on Node\\NodeProject\\node_modules\\mongoose\\lib\\schematype.js:1362:15)\n    at ObjectId.Object.<anonymous>.SchemaType.castForQuery (D:\\Training on Node\\NodeProject\\node_modules\\mongoose\\lib\\schematype.js:1352:15)\n    at ObjectId.Object.<anonymous>.SchemaType.castForQueryWrapper (D:\\Training on Node\\NodeProject\\node_modules\\mongoose\\lib\\schematype.js:1331:15)\n    at cast (D:\\Training on Node\\NodeProject\\node_modules\\mongoose\\lib\\cast.js:307:32)\n    at model.Query.Object.<anonymous>.Query.cast (D:\\Training on Node\\NodeProject\\node_modules\\mongoose\\lib\\query.js:4608:12)\n    at castQuery (D:\\Training on Node\\NodeProject\\node_modules\\mongoose\\lib\\query.js:4421:18)\n    at model.Query.Object.<anonymous>.Query._findAndModify (D:\\Training on Node\\NodeProject\\node_modules\\mongoose\\lib\\query.js:3365:23)\n    at model.Query.<anonymous> (D:\\Training on Node\\NodeProject\\node_modules\\mongoose\\lib\\query.js:2949:8)\n    at model.Query._wrappedThunk [as _findOneAndUpdate] (D:\\Training on Node\\NodeProject\\node_modules\\mongoose\\lib\\helpers\\query\\wrapThunk.js:16:8)\n    at process.nextTick (D:\\Training on Node\\NodeProject\\node_modules\\kareem\\index.js:369:33)\n    at processTicksAndRejections (internal/process/next_tick.js:74:9)","name":"CastError","stringValue":"\"1\"","kind":"ObjectId","value":"1","path":"_id","level":"error","timestamp":"2019-08-26T04:20:29.733Z"}
{"level":"info","message":"Listening on Port 3000...","timestamp":"2019-08-26T04:21:57.807Z"}
{"level":"info","message":"Connected to mongodb+srv://vikash:espl123@myfirstcluster-bhteb.mongodb.net/nodeproject_test?retryWrites=true&w=majority...","timestamp":"2019-08-26T04:21:59.792Z"}
{"level":"error","timestamp":"2019-08-26T04:22:02.844Z"}
{"message":"Cast to ObjectId failed for value \"1\" at path \"_id\" for model \"Mobile\"","stack":"CastError: Cast to ObjectId failed for value \"1\" at path \"_id\" for model \"Mobile\"\n    at new CastError (D:\\Training on Node\\NodeProject\\node_modules\\mongoose\\lib\\error\\cast.js:29:11)\n    at ObjectId.Object.<anonymous>.ObjectId.cast (D:\\Training on Node\\NodeProject\\node_modules\\mongoose\\lib\\schema\\objectid.js:244:11)\n    at ObjectId.Object.<anonymous>.SchemaType.applySetters (D:\\Training on Node\\NodeProject\\node_modules\\mongoose\\lib\\schematype.js:948:12)\n    at ObjectId.Object.<anonymous>.SchemaType._castForQuery (D:\\Training on Node\\NodeProject\\node_modules\\mongoose\\lib\\schematype.js:1362:15)\n    at ObjectId.Object.<anonymous>.SchemaType.castForQuery (D:\\Training on Node\\NodeProject\\node_modules\\mongoose\\lib\\schematype.js:1352:15)\n    at ObjectId.Object.<anonymous>.SchemaType.castForQueryWrapper (D:\\Training on Node\\NodeProject\\node_modules\\mongoose\\lib\\schematype.js:1331:15)\n    at cast (D:\\Training on Node\\NodeProject\\node_modules\\mongoose\\lib\\cast.js:307:32)\n    at model.Query.Object.<anonymous>.Query.cast (D:\\Training on Node\\NodeProject\\node_modules\\mongoose\\lib\\query.js:4608:12)\n    at castQuery (D:\\Training on Node\\NodeProject\\node_modules\\mongoose\\lib\\query.js:4421:18)\n    at model.Query.Object.<anonymous>.Query._findAndModify (D:\\Training on Node\\NodeProject\\node_modules\\mongoose\\lib\\query.js:3365:23)\n    at model.Query.<anonymous> (D:\\Training on Node\\NodeProject\\node_modules\\mongoose\\lib\\query.js:2949:8)\n    at model.Query._wrappedThunk [as _findOneAndUpdate] (D:\\Training on Node\\NodeProject\\node_modules\\mongoose\\lib\\helpers\\query\\wrapThunk.js:16:8)\n    at process.nextTick (D:\\Training on Node\\NodeProject\\node_modules\\kareem\\index.js:369:33)\n    at processTicksAndRejections (internal/process/next_tick.js:74:9)","name":"CastError","stringValue":"\"1\"","kind":"ObjectId","value":"1","path":"_id","level":"error","timestamp":"2019-08-26T04:22:06.390Z"}
{"level":"info","message":"Listening on Port 3000...","timestamp":"2019-08-26T04:24:54.518Z"}
{"level":"info","message":"Connected to mongodb+srv://vikash:espl123@myfirstcluster-bhteb.mongodb.net/nodeproject_test?retryWrites=true&w=majority...","timestamp":"2019-08-26T04:24:55.972Z"}
{"level":"error","timestamp":"2019-08-26T04:24:58.913Z"}
{"level":"info","message":"Listening on Port 3000...","timestamp":"2019-08-26T04:27:31.893Z"}
{"level":"info","message":"Connected to mongodb+srv://vikash:espl123@myfirstcluster-bhteb.mongodb.net/nodeproject_test?retryWrites=true&w=majority...","timestamp":"2019-08-26T04:27:33.392Z"}
{"level":"error","timestamp":"2019-08-26T04:27:36.357Z"}
{"message":"Cast to ObjectId failed for value \"1\" at path \"_id\" for model \"Mobile\"","stack":"CastError: Cast to ObjectId failed for value \"1\" at path \"_id\" for model \"Mobile\"\n    at new CastError (D:\\Training on Node\\NodeProject\\node_modules\\mongoose\\lib\\error\\cast.js:29:11)\n    at ObjectId.Object.<anonymous>.ObjectId.cast (D:\\Training on Node\\NodeProject\\node_modules\\mongoose\\lib\\schema\\objectid.js:244:11)\n    at ObjectId.Object.<anonymous>.SchemaType.applySetters (D:\\Training on Node\\NodeProject\\node_modules\\mongoose\\lib\\schematype.js:948:12)\n    at ObjectId.Object.<anonymous>.SchemaType._castForQuery (D:\\Training on Node\\NodeProject\\node_modules\\mongoose\\lib\\schematype.js:1362:15)\n    at ObjectId.Object.<anonymous>.SchemaType.castForQuery (D:\\Training on Node\\NodeProject\\node_modules\\mongoose\\lib\\schematype.js:1352:15)\n    at ObjectId.Object.<anonymous>.SchemaType.castForQueryWrapper (D:\\Training on Node\\NodeProject\\node_modules\\mongoose\\lib\\schematype.js:1331:15)\n    at cast (D:\\Training on Node\\NodeProject\\node_modules\\mongoose\\lib\\cast.js:307:32)\n    at model.Query.Object.<anonymous>.Query.cast (D:\\Training on Node\\NodeProject\\node_modules\\mongoose\\lib\\query.js:4608:12)\n    at model.Query.Object.<anonymous>.Query._castConditions (D:\\Training on Node\\NodeProject\\node_modules\\mongoose\\lib\\query.js:1790:10)\n    at model.Query.<anonymous> (D:\\Training on Node\\NodeProject\\node_modules\\mongoose\\lib\\query.js:3123:8)\n    at model.Query._wrappedThunk [as _findOneAndDelete] (D:\\Training on Node\\NodeProject\\node_modules\\mongoose\\lib\\helpers\\query\\wrapThunk.js:16:8)\n    at process.nextTick (D:\\Training on Node\\NodeProject\\node_modules\\kareem\\index.js:369:33)\n    at processTicksAndRejections (internal/process/next_tick.js:74:9)","name":"CastError","stringValue":"\"1\"","kind":"ObjectId","value":"1","path":"_id","level":"error","timestamp":"2019-08-26T04:27:42.899Z"}
{"level":"info","message":"Listening on Port 3000...","timestamp":"2019-08-26T04:28:35.738Z"}
{"level":"info","message":"Connected to mongodb+srv://vikash:espl123@myfirstcluster-bhteb.mongodb.net/nodeproject_test?retryWrites=true&w=majority...","timestamp":"2019-08-26T04:28:37.219Z"}
{"level":"error","timestamp":"2019-08-26T04:28:40.225Z"}
{"level":"info","message":"Connected to mongodb+srv://vikash:espl123@myfirstcluster-bhteb.mongodb.net/nodeproject_test?retryWrites=true&w=majority...","timestamp":"2019-08-26T04:31:53.606Z"}
{"level":"info","message":"Listening on Port 3000...","timestamp":"2019-08-26T04:32:15.842Z"}
{"level":"info","message":"Connected to mongodb+srv://vikash:espl123@myfirstcluster-bhteb.mongodb.net/nodeproject_test?retryWrites=true&w=majority...","timestamp":"2019-08-26T04:32:17.344Z"}
{"level":"error","timestamp":"2019-08-26T04:32:20.380Z"}
{"level":"info","message":"Connected to mongodb+srv://vikash:espl123@myfirstcluster-bhteb.mongodb.net/nodeproject_test?retryWrites=true&w=majority...","timestamp":"2019-08-26T04:36:55.741Z"}
{"level":"info","message":"Connected to mongodb+srv://vikash:espl123@myfirstcluster-bhteb.mongodb.net/nodeproject_test?retryWrites=true&w=majority...","timestamp":"2019-08-26T04:39:13.504Z"}
{"level":"info","message":"Connected to mongodb+srv://vikash:espl123@myfirstcluster-bhteb.mongodb.net/nodeproject_test?retryWrites=true&w=majority...","timestamp":"2019-08-26T04:39:43.768Z"}
{"level":"info","message":"Listening on Port 3000...","timestamp":"2019-08-26T04:40:58.598Z"}
{"level":"info","message":"Connected to mongodb+srv://vikash:espl123@myfirstcluster-bhteb.mongodb.net/nodeproject_test?retryWrites=true&w=majority...","timestamp":"2019-08-26T04:41:00.097Z"}
{"level":"error","timestamp":"2019-08-26T04:41:02.997Z"}
{"level":"info","message":"Listening on Port 3000...","timestamp":"2019-08-26T04:42:14.727Z"}
{"level":"info","message":"Connected to mongodb+srv://vikash:espl123@myfirstcluster-bhteb.mongodb.net/nodeproject_test?retryWrites=true&w=majority...","timestamp":"2019-08-26T04:42:16.298Z"}
{"level":"info","message":"Listening on Port 3000...","timestamp":"2019-08-26T04:44:39.283Z"}
{"level":"info","message":"Connected to mongodb+srv://vikash:espl123@myfirstcluster-bhteb.mongodb.net/nodeproject_test?retryWrites=true&w=majority...","timestamp":"2019-08-26T04:44:40.852Z"}
{"level":"info","message":"Listening on Port 3000...","timestamp":"2019-08-26T04:45:25.169Z"}
{"level":"info","message":"Connected to mongodb+srv://vikash:espl123@myfirstcluster-bhteb.mongodb.net/nodeproject?retryWrites=true&w=majority...","timestamp":"2019-08-26T04:45:26.706Z"}
{"level":"info","message":"Listening on Port 3000...","timestamp":"2019-08-26T05:10:25.373Z"}
{"level":"info","message":"Connected to mongodb+srv://vikash:espl123@myfirstcluster-bhteb.mongodb.net/nodeproject?retryWrites=true&w=majority...","timestamp":"2019-08-26T05:10:26.942Z"}
{"message":"jtj","stack":"Error: jtj\n    at router.get.asyncMiddleware (D:\\Training on Node\\NodeProject\\routes\\users.js:9:11)\n    at processTicksAndRejections (internal/process/next_tick.js:81:5)","level":"error","timestamp":"2019-08-26T05:10:35.301Z"}
{"level":"info","message":"Listening on Port 3000...","timestamp":"2019-08-26T05:11:17.316Z"}
{"level":"info","message":"Connected to mongodb+srv://vikash:espl123@myfirstcluster-bhteb.mongodb.net/nodeproject?retryWrites=true&w=majority...","timestamp":"2019-08-26T05:11:18.871Z"}
{"message":"jtj","stack":"Error: jtj\n    at router.get.asyncMiddleware (D:\\Training on Node\\NodeProject\\routes\\users.js:9:11)\n    at processTicksAndRejections (internal/process/next_tick.js:81:5)","level":"error","timestamp":"2019-08-26T05:11:22.479Z"}
{"message":"jtj","stack":"Error: jtj\n    at router.get.asyncMiddleware (D:\\Training on Node\\NodeProject\\routes\\users.js:9:11)\n    at processTicksAndRejections (internal/process/next_tick.js:81:5)","level":"error","timestamp":"2019-08-26T05:12:30.590Z"}
{"message":"Cast to ObjectId failed for value \"auth\" at path \"_id\" for model \"User\"","stack":"CastError: Cast to ObjectId failed for value \"auth\" at path \"_id\" for model \"User\"\n    at new CastError (D:\\Training on Node\\NodeProject\\node_modules\\mongoose\\lib\\error\\cast.js:29:11)\n    at ObjectId.cast (D:\\Training on Node\\NodeProject\\node_modules\\mongoose\\lib\\schema\\objectid.js:244:11)\n    at ObjectId.SchemaType.applySetters (D:\\Training on Node\\NodeProject\\node_modules\\mongoose\\lib\\schematype.js:948:12)\n    at ObjectId.SchemaType._castForQuery (D:\\Training on Node\\NodeProject\\node_modules\\mongoose\\lib\\schematype.js:1362:15)\n    at ObjectId.SchemaType.castForQuery (D:\\Training on Node\\NodeProject\\node_modules\\mongoose\\lib\\schematype.js:1352:15)\n    at ObjectId.SchemaType.castForQueryWrapper (D:\\Training on Node\\NodeProject\\node_modules\\mongoose\\lib\\schematype.js:1331:15)\n    at cast (D:\\Training on Node\\NodeProject\\node_modules\\mongoose\\lib\\cast.js:307:32)\n    at model.Query.Query.cast (D:\\Training on Node\\NodeProject\\node_modules\\mongoose\\lib\\query.js:4608:12)\n    at model.Query.Query._castConditions (D:\\Training on Node\\NodeProject\\node_modules\\mongoose\\lib\\query.js:1790:10)\n    at model.Query.<anonymous> (D:\\Training on Node\\NodeProject\\node_modules\\mongoose\\lib\\query.js:2045:8)\n    at model.Query._wrappedThunk [as _findOne] (D:\\Training on Node\\NodeProject\\node_modules\\mongoose\\lib\\helpers\\query\\wrapThunk.js:16:8)\n    at process.nextTick (D:\\Training on Node\\NodeProject\\node_modules\\kareem\\index.js:369:33)\n    at processTicksAndRejections (internal/process/next_tick.js:74:9)","name":"CastError","stringValue":"\"auth\"","kind":"ObjectId","value":"auth","path":"_id","level":"error","timestamp":"2019-08-26T05:12:43.211Z"}
{"level":"info","message":"Connected to mongodb+srv://vikash:espl123@myfirstcluster-bhteb.mongodb.net/nodeproject_test?retryWrites=true&w=majority...","timestamp":"2019-08-26T05:23:42.353Z"}
{"level":"info","message":"Connected to mongodb+srv://vikash:espl123@myfirstcluster-bhteb.mongodb.net/nodeproject_test?retryWrites=true&w=majority...","timestamp":"2019-08-26T05:24:27.272Z"}
{"level":"info","message":"Listening on Port 3000...","timestamp":"2019-08-26T05:48:52.326Z"}
{"level":"info","message":"Connected to mongodb+srv://vikash:espl123@myfirstcluster-bhteb.mongodb.net/nodeproject?retryWrites=true&w=majority...","timestamp":"2019-08-26T05:48:53.893Z"}
{"level":"info","message":"Listening on Port 3000...","timestamp":"2019-08-26T07:04:44.792Z"}
{"level":"info","message":"Connected to mongodb+srv://vikash:espl123@myfirstcluster-bhteb.mongodb.net/nodeproject?retryWrites=true&w=majority...","timestamp":"2019-08-26T07:04:46.376Z"}
{"level":"info","message":"Listening on Port 3000...","timestamp":"2019-08-26T07:23:38.884Z"}
{"level":"info","message":"Connected to mongodb+srv://vikash:espl123@myfirstcluster-bhteb.mongodb.net/nodeproject?retryWrites=true&w=majority...","timestamp":"2019-08-26T07:23:40.446Z"}
{"level":"info","message":"Listening on Port 3000...","timestamp":"2019-08-26T07:26:46.478Z"}
{"level":"info","message":"Connected to mongodb+srv://vikash:espl123@myfirstcluster-bhteb.mongodb.net/nodeproject?retryWrites=true&w=majority...","timestamp":"2019-08-26T07:26:48.017Z"}
{"level":"info","message":"Listening on Port 3000...","timestamp":"2019-08-26T07:31:53.822Z"}
{"level":"info","message":"Connected to mongodb+srv://vikash:espl123@myfirstcluster-bhteb.mongodb.net/nodeproject_test?retryWrites=true&w=majority...","timestamp":"2019-08-26T07:31:55.735Z"}
{"level":"error","timestamp":"2019-08-26T07:31:58.949Z"}
{"level":"info","message":"Listening on Port 3000...","timestamp":"2019-08-26T07:45:56.970Z"}
{"level":"info","message":"Connected to mongodb+srv://vikash:espl123@myfirstcluster-bhteb.mongodb.net/nodeproject?retryWrites=true&w=majority...","timestamp":"2019-08-26T07:45:58.502Z"}
{"level":"info","message":"Listening on Port 3000...","timestamp":"2019-08-26T09:11:08.366Z"}
{"level":"info","message":"Connected to mongodb+srv://vikash:espl123@myfirstcluster-bhteb.mongodb.net/nodeproject?retryWrites=true&w=majority...","timestamp":"2019-08-26T09:11:09.899Z"}
{"level":"info","message":"Listening on Port 5000...","timestamp":"2019-08-26T09:42:57.540Z"}
{"level":"info","message":"Connected to mongodb+srv://vikash:espl123@myfirstcluster-bhteb.mongodb.net/nodeproject?retryWrites=true&w=majority...","timestamp":"2019-08-26T09:42:59.086Z"}
{"level":"info","message":"Listening on Port 5000...","timestamp":"2019-08-26T10:28:19.502Z"}
{"level":"info","message":"Connected to mongodb+srv://vikash:espl123@myfirstcluster-bhteb.mongodb.net/nodeproject?retryWrites=true&w=majority...","timestamp":"2019-08-26T10:28:21.043Z"}
{"level":"info","message":"Listening on Port 5000...","timestamp":"2019-08-26T11:31:18.623Z"}
{"level":"info","message":"Connected to mongodb+srv://vikash:espl123@myfirstcluster-bhteb.mongodb.net/nodeproject?retryWrites=true&w=majority...","timestamp":"2019-08-26T11:31:20.196Z"}
{"message":"Cannot set headers after they are sent to the client","stack":"Error [ERR_HTTP_HEADERS_SENT]: Cannot set headers after they are sent to the client\n    at ServerResponse.setHeader (_http_outgoing.js:482:11)\n    at ServerResponse.header (D:\\Training on Node\\NodeProject\\node_modules\\express\\lib\\response.js:771:10)\n    at ServerResponse.send (D:\\Training on Node\\NodeProject\\node_modules\\express\\lib\\response.js:170:12)\n    at router.get.asyncMiddleware (D:\\Training on Node\\NodeProject\\routes\\mobiles.js:25:13)\n    at processTicksAndRejections (internal/process/next_tick.js:81:5)","level":"error","timestamp":"2019-08-26T11:37:04.885Z"}
{"level":"info","message":"Listening on Port 5000...","timestamp":"2019-08-26T11:42:28.600Z"}
{"level":"info","message":"Connected to mongodb+srv://vikash:espl123@myfirstcluster-bhteb.mongodb.net/nodeproject?retryWrites=true&w=majority...","timestamp":"2019-08-26T11:42:30.125Z"}
{"level":"info","message":"Listening on Port 5000...","timestamp":"2019-08-26T11:43:28.095Z"}
{"level":"info","message":"Connected to mongodb+srv://vikash:espl123@myfirstcluster-bhteb.mongodb.net/nodeproject?retryWrites=true&w=majority...","timestamp":"2019-08-26T11:43:29.627Z"}
{"level":"info","message":"Listening on Port 5000...","timestamp":"2019-08-26T13:19:11.208Z"}
{"level":"info","message":"Connected to mongodb+srv://vikash:espl123@myfirstcluster-bhteb.mongodb.net/nodeproject?retryWrites=true&w=majority...","timestamp":"2019-08-26T13:19:12.769Z"}
{"level":"info","message":"Listening on Port 5000...","timestamp":"2019-08-26T13:24:30.413Z"}
{"level":"info","message":"Connected to mongodb+srv://vikash:espl123@myfirstcluster-bhteb.mongodb.net/nodeproject?retryWrites=true&w=majority...","timestamp":"2019-08-26T13:24:31.933Z"}
{"level":"info","message":"Listening on Port 5000...","timestamp":"2019-08-26T13:52:09.854Z"}
{"level":"info","message":"Connected to mongodb+srv://vikash:espl123@myfirstcluster-bhteb.mongodb.net/nodeproject?retryWrites=true&w=majority...","timestamp":"2019-08-26T13:52:11.450Z"}
{"level":"info","message":"Listening on Port 5000...","timestamp":"2019-08-26T13:52:32.772Z"}
{"level":"info","message":"Connected to mongodb+srv://vikash:espl123@myfirstcluster-bhteb.mongodb.net/nodeproject?retryWrites=true&w=majority...","timestamp":"2019-08-26T13:52:34.341Z"}
{"level":"info","message":"Listening on Port 5000...","timestamp":"2019-08-26T13:53:45.838Z"}
{"level":"info","message":"Listening on Port 5000...","timestamp":"2019-08-26T13:54:01.881Z"}
{"level":"info","message":"Connected to mongo...","timestamp":"2019-08-26T13:54:03.462Z"}
{"level":"info","message":"Listening on Port 5000...","timestamp":"2019-08-26T13:54:10.172Z"}
{"level":"info","message":"Connected to mongo...","timestamp":"2019-08-26T13:54:11.742Z"}
{"level":"info","message":"Listening on Port 5000...","timestamp":"2019-08-27T03:21:25.490Z"}
{"level":"info","message":"Connected to mongo...","timestamp":"2019-08-27T03:21:27.057Z"}
{"level":"info","message":"Listening on Port 5000...","timestamp":"2019-08-27T03:49:24.608Z"}
{"level":"info","message":"Connected to mongo...","timestamp":"2019-08-27T03:49:26.210Z"}
{"level":"info","message":"Listening on Port 5000...","timestamp":"2019-08-27T12:21:46.042Z"}
{"level":"info","message":"Connected to mongo...","timestamp":"2019-08-27T12:21:47.610Z"}
{"level":"info","message":"Listening on Port 5000...","timestamp":"2019-08-27T12:31:00.507Z"}
{"level":"info","message":"Connected to mongo...","timestamp":"2019-08-27T12:31:02.047Z"}
{"level":"info","message":"Listening on Port 5000...","timestamp":"2019-08-27T12:32:25.199Z"}
{"level":"info","message":"Connected to mongo...","timestamp":"2019-08-27T12:32:26.733Z"}
{"level":"info","message":"Listening on Port 5000...","timestamp":"2019-08-27T12:34:22.563Z"}
{"level":"info","message":"Connected to mongo...","timestamp":"2019-08-27T12:34:24.094Z"}
{"level":"info","message":"Listening on Port 5000...","timestamp":"2019-08-27T12:42:31.376Z"}
{"level":"info","message":"finally connected to mongodb :) :) At mongodb+srv://vikash:espl123@myfirstcluster-bhteb.mongodb.net/nodeproject?retryWrites=true&w=majority","timestamp":"2019-08-27T12:42:32.942Z"}
{"level":"info","message":"Listening on Port 5000...","timestamp":"2019-08-27T12:47:57.950Z"}
{"level":"info","message":"finally connected to mongodb :) :) At mongodb+srv://vikash:espl123@myfirstcluster-bhteb.mongodb.net/nodeproject_test?retryWrites=true&w=majority","timestamp":"2019-08-27T12:47:59.508Z"}
{"level":"info","message":"Listening on Port 5000...","timestamp":"2019-08-27T12:48:28.532Z"}
{"level":"info","message":"finally connected to mongodb :) :) At mongodb+srv://vikash:espl123@myfirstcluster-bhteb.mongodb.net/nodeproject_test?retryWrites=true&w=majority","timestamp":"2019-08-27T12:48:30.069Z"}
{"level":"error","timestamp":"2019-08-27T12:48:33.151Z"}
{"level":"info","message":"Listening on Port 5000...","timestamp":"2019-08-27T12:48:53.363Z"}
{"level":"info","message":"finally connected to mongodb :) :) At mongodb+srv://vikash:espl123@myfirstcluster-bhteb.mongodb.net/nodeproject_test?retryWrites=true&w=majority","timestamp":"2019-08-27T12:48:54.892Z"}
{"level":"error","timestamp":"2019-08-27T12:48:57.876Z"}
{"level":"info","message":"Listening on Port 5000...","timestamp":"2019-08-30T02:57:43.532Z"}
{"level":"info","message":"finally connected to mongodb :) :) At mongodb+srv://vikash:espl123@myfirstcluster-bhteb.mongodb.net/nodeproject_test?retryWrites=true&w=majority","timestamp":"2019-08-30T02:57:45.102Z"}
{"level":"error","timestamp":"2019-08-30T02:57:48.109Z"}
{"level":"info","message":"Listening on Port 5000...","timestamp":"2019-08-30T02:59:26.939Z"}
{"level":"info","message":"finally connected to mongodb :) :) At mongodb+srv://vikash:espl123@myfirstcluster-bhteb.mongodb.net/nodeproject?retryWrites=true&w=majority","timestamp":"2019-08-30T02:59:28.513Z"}
{"level":"info","message":"Listening on Port 5000...","timestamp":"2019-08-30T05:29:24.453Z"}
{"level":"info","message":"finally connected to mongodb :) :) At mongodb+srv://vikash:espl123@myfirstcluster-bhteb.mongodb.net/nodeproject?retryWrites=true&w=majority","timestamp":"2019-08-30T05:29:26.053Z"}
{"level":"info","message":"Listening on Port 5000...","timestamp":"2019-08-30T05:29:34.729Z"}
{"level":"info","message":"finally connected to mongodb :) :) At mongodb+srv://vikash:espl123@myfirstcluster-bhteb.mongodb.net/nodeproject?retryWrites=true&w=majority","timestamp":"2019-08-30T05:29:36.292Z"}
{"level":"info","message":"Listening on Port 5000...","timestamp":"2019-08-30T05:31:47.777Z"}
{"level":"info","message":"finally connected to mongodb :) :) At mongodb+srv://vikash:espl123@myfirstcluster-bhteb.mongodb.net/nodeproject?retryWrites=true&w=majority","timestamp":"2019-08-30T05:31:49.315Z"}
{"message":"Cast to ObjectId failed for value \"5d68b7860bc52d25a036c9cg\" at path \"_id\" for model \"Mobile\"","stack":"CastError: Cast to ObjectId failed for value \"5d68b7860bc52d25a036c9cg\" at path \"_id\" for model \"Mobile\"\n    at new CastError (D:\\Training on Node\\NodeProject\\node_modules\\mongoose\\lib\\error\\cast.js:29:11)\n    at ObjectId.cast (D:\\Training on Node\\NodeProject\\node_modules\\mongoose\\lib\\schema\\objectid.js:244:11)\n    at ObjectId.SchemaType.applySetters (D:\\Training on Node\\NodeProject\\node_modules\\mongoose\\lib\\schematype.js:948:12)\n    at ObjectId.SchemaType._castForQuery (D:\\Training on Node\\NodeProject\\node_modules\\mongoose\\lib\\schematype.js:1362:15)\n    at ObjectId.SchemaType.castForQuery (D:\\Training on Node\\NodeProject\\node_modules\\mongoose\\lib\\schematype.js:1352:15)\n    at ObjectId.SchemaType.castForQueryWrapper (D:\\Training on Node\\NodeProject\\node_modules\\mongoose\\lib\\schematype.js:1331:15)\n    at cast (D:\\Training on Node\\NodeProject\\node_modules\\mongoose\\lib\\cast.js:307:32)\n    at model.Query.Query.cast (D:\\Training on Node\\NodeProject\\node_modules\\mongoose\\lib\\query.js:4608:12)\n    at castQuery (D:\\Training on Node\\NodeProject\\node_modules\\mongoose\\lib\\query.js:4421:18)\n    at model.Query.Query._findAndModify (D:\\Training on Node\\NodeProject\\node_modules\\mongoose\\lib\\query.js:3365:23)\n    at model.Query.<anonymous> (D:\\Training on Node\\NodeProject\\node_modules\\mongoose\\lib\\query.js:2949:8)\n    at model.Query._wrappedThunk [as _findOneAndUpdate] (D:\\Training on Node\\NodeProject\\node_modules\\mongoose\\lib\\helpers\\query\\wrapThunk.js:16:8)\n    at process.nextTick (D:\\Training on Node\\NodeProject\\node_modules\\kareem\\index.js:369:33)\n    at processTicksAndRejections (internal/process/next_tick.js:74:9)","name":"CastError","stringValue":"\"5d68b7860bc52d25a036c9cg\"","kind":"ObjectId","value":"5d68b7860bc52d25a036c9cg","path":"_id","level":"error","timestamp":"2019-08-30T05:45:39.051Z"}
{"message":"Cast to ObjectId failed for value \"5d68b7860bc52d25a036c9cg\" at path \"_id\" for model \"Mobile\"","stack":"CastError: Cast to ObjectId failed for value \"5d68b7860bc52d25a036c9cg\" at path \"_id\" for model \"Mobile\"\n    at new CastError (D:\\Training on Node\\NodeProject\\node_modules\\mongoose\\lib\\error\\cast.js:29:11)\n    at ObjectId.cast (D:\\Training on Node\\NodeProject\\node_modules\\mongoose\\lib\\schema\\objectid.js:244:11)\n    at ObjectId.SchemaType.applySetters (D:\\Training on Node\\NodeProject\\node_modules\\mongoose\\lib\\schematype.js:948:12)\n    at ObjectId.SchemaType._castForQuery (D:\\Training on Node\\NodeProject\\node_modules\\mongoose\\lib\\schematype.js:1362:15)\n    at ObjectId.SchemaType.castForQuery (D:\\Training on Node\\NodeProject\\node_modules\\mongoose\\lib\\schematype.js:1352:15)\n    at ObjectId.SchemaType.castForQueryWrapper (D:\\Training on Node\\NodeProject\\node_modules\\mongoose\\lib\\schematype.js:1331:15)\n    at cast (D:\\Training on Node\\NodeProject\\node_modules\\mongoose\\lib\\cast.js:307:32)\n    at model.Query.Query.cast (D:\\Training on Node\\NodeProject\\node_modules\\mongoose\\lib\\query.js:4608:12)\n    at castQuery (D:\\Training on Node\\NodeProject\\node_modules\\mongoose\\lib\\query.js:4421:18)\n    at model.Query.Query._findAndModify (D:\\Training on Node\\NodeProject\\node_modules\\mongoose\\lib\\query.js:3365:23)\n    at model.Query.<anonymous> (D:\\Training on Node\\NodeProject\\node_modules\\mongoose\\lib\\query.js:2949:8)\n    at model.Query._wrappedThunk [as _findOneAndUpdate] (D:\\Training on Node\\NodeProject\\node_modules\\mongoose\\lib\\helpers\\query\\wrapThunk.js:16:8)\n    at process.nextTick (D:\\Training on Node\\NodeProject\\node_modules\\kareem\\index.js:369:33)\n    at processTicksAndRejections (internal/process/next_tick.js:74:9)","name":"CastError","stringValue":"\"5d68b7860bc52d25a036c9cg\"","kind":"ObjectId","value":"5d68b7860bc52d25a036c9cg","path":"_id","level":"error","timestamp":"2019-08-30T05:46:06.329Z"}
{"level":"info","message":"Listening on Port 5000...","timestamp":"2019-08-30T06:05:05.565Z"}
{"level":"info","message":"finally connected to mongodb :) :) At mongodb+srv://vikash:espl123@myfirstcluster-bhteb.mongodb.net/nodeproject?retryWrites=true&w=majority","timestamp":"2019-08-30T06:05:07.159Z"}
{"level":"info","message":"Listening on Port 5000...","timestamp":"2019-08-30T06:18:35.423Z"}
{"level":"info","message":"finally connected to mongodb :) :) At mongodb+srv://vikash:espl123@myfirstcluster-bhteb.mongodb.net/nodeproject?retryWrites=true&w=majority","timestamp":"2019-08-30T06:18:36.950Z"}
{"message":"Cannot set headers after they are sent to the client","stack":"Error [ERR_HTTP_HEADERS_SENT]: Cannot set headers after they are sent to the client\n    at ServerResponse.setHeader (_http_outgoing.js:482:11)\n    at ServerResponse.header (D:\\Training on Node\\NodeProject\\node_modules\\express\\lib\\response.js:771:10)\n    at ServerResponse.send (D:\\Training on Node\\NodeProject\\node_modules\\express\\lib\\response.js:170:12)\n    at router.get.asyncMiddleware (D:\\Training on Node\\NodeProject\\routes\\mobiles.js:25:13)\n    at processTicksAndRejections (internal/process/next_tick.js:81:5)","level":"error","timestamp":"2019-08-30T06:19:12.973Z"}
{"level":"info","message":"Listening on Port 5000...","timestamp":"2019-08-30T06:21:50.970Z"}
{"level":"info","message":"finally connected to mongodb :) :) At mongodb+srv://vikash:espl123@myfirstcluster-bhteb.mongodb.net/nodeproject?retryWrites=true&w=majority","timestamp":"2019-08-30T06:21:52.584Z"}
{"message":"Cannot set headers after they are sent to the client","stack":"Error [ERR_HTTP_HEADERS_SENT]: Cannot set headers after they are sent to the client\n    at ServerResponse.setHeader (_http_outgoing.js:482:11)\n    at ServerResponse.header (D:\\Training on Node\\NodeProject\\node_modules\\express\\lib\\response.js:771:10)\n    at ServerResponse.send (D:\\Training on Node\\NodeProject\\node_modules\\express\\lib\\response.js:170:12)\n    at router.get.asyncMiddleware (D:\\Training on Node\\NodeProject\\routes\\mobiles.js:25:13)\n    at processTicksAndRejections (internal/process/next_tick.js:81:5)","level":"error","timestamp":"2019-08-30T06:22:15.947Z"}
{"level":"info","message":"Listening on Port 5000...","timestamp":"2019-08-30T06:23:34.970Z"}
{"level":"info","message":"finally connected to mongodb :) :) At mongodb+srv://vikash:espl123@myfirstcluster-bhteb.mongodb.net/nodeproject?retryWrites=true&w=majority","timestamp":"2019-08-30T06:23:36.563Z"}
{"level":"info","message":"Listening on Port 5000...","timestamp":"2019-08-30T06:24:53.535Z"}
{"level":"info","message":"finally connected to mongodb :) :) At mongodb+srv://vikash:espl123@myfirstcluster-bhteb.mongodb.net/nodeproject?retryWrites=true&w=majority","timestamp":"2019-08-30T06:24:55.215Z"}
{"level":"info","message":"Listening on Port 5000...","timestamp":"2019-08-30T06:31:07.382Z"}
{"level":"info","message":"finally connected to mongodb :) :) At mongodb+srv://vikash:espl123@myfirstcluster-bhteb.mongodb.net/nodeproject_test?retryWrites=true&w=majority","timestamp":"2019-08-30T06:31:08.904Z"}
{"level":"info","message":"Listening on Port 5000...","timestamp":"2019-08-30T06:32:03.940Z"}
{"level":"info","message":"finally connected to mongodb :) :) At mongodb+srv://vikash:espl123@myfirstcluster-bhteb.mongodb.net/nodeproject_test?retryWrites=true&w=majority","timestamp":"2019-08-30T06:32:05.476Z"}
{"level":"info","message":"Listening on Port 5000...","timestamp":"2019-08-30T06:34:32.091Z"}
{"level":"info","message":"finally connected to mongodb :) :) At mongodb+srv://vikash:espl123@myfirstcluster-bhteb.mongodb.net/nodeproject_test?retryWrites=true&w=majority","timestamp":"2019-08-30T06:34:33.679Z"}
{"level":"info","message":"Listening on Port 5000...","timestamp":"2019-08-30T06:35:15.255Z"}
{"level":"info","message":"finally connected to mongodb :) :) At mongodb+srv://vikash:espl123@myfirstcluster-bhteb.mongodb.net/nodeproject?retryWrites=true&w=majority","timestamp":"2019-08-30T06:35:16.796Z"}
{"level":"info","message":"Listening on Port 5000...","timestamp":"2019-08-30T06:41:59.726Z"}
{"level":"info","message":"finally connected to mongodb :) :) At mongodb+srv://vikash:espl123@myfirstcluster-bhteb.mongodb.net/nodeproject?retryWrites=true&w=majority","timestamp":"2019-08-30T06:42:01.320Z"}
{"level":"info","message":"Listening on Port 5000...","timestamp":"2019-08-30T06:54:55.580Z"}
{"level":"info","message":"finally connected to mongodb :) :) At mongodb+srv://vikash:espl123@myfirstcluster-bhteb.mongodb.net/nodeproject?retryWrites=true&w=majority","timestamp":"2019-08-30T06:54:57.093Z"}
{"message":"Cast to ObjectId failed for value \"5d68b7860bc52d25a\" at path \"_id\" for model \"Mobile\"","stack":"CastError: Cast to ObjectId failed for value \"5d68b7860bc52d25a\" at path \"_id\" for model \"Mobile\"\n    at new CastError (D:\\Training on Node\\NodeProject\\node_modules\\mongoose\\lib\\error\\cast.js:29:11)\n    at ObjectId.cast (D:\\Training on Node\\NodeProject\\node_modules\\mongoose\\lib\\schema\\objectid.js:244:11)\n    at ObjectId.SchemaType.applySetters (D:\\Training on Node\\NodeProject\\node_modules\\mongoose\\lib\\schematype.js:948:12)\n    at ObjectId.SchemaType._castForQuery (D:\\Training on Node\\NodeProject\\node_modules\\mongoose\\lib\\schematype.js:1362:15)\n    at ObjectId.SchemaType.castForQuery (D:\\Training on Node\\NodeProject\\node_modules\\mongoose\\lib\\schematype.js:1352:15)\n    at ObjectId.SchemaType.castForQueryWrapper (D:\\Training on Node\\NodeProject\\node_modules\\mongoose\\lib\\schematype.js:1331:15)\n    at cast (D:\\Training on Node\\NodeProject\\node_modules\\mongoose\\lib\\cast.js:307:32)\n    at model.Query.Query.cast (D:\\Training on Node\\NodeProject\\node_modules\\mongoose\\lib\\query.js:4608:12)\n    at model.Query.Query._castConditions (D:\\Training on Node\\NodeProject\\node_modules\\mongoose\\lib\\query.js:1790:10)\n    at model.Query.<anonymous> (D:\\Training on Node\\NodeProject\\node_modules\\mongoose\\lib\\query.js:3123:8)\n    at model.Query._wrappedThunk [as _findOneAndDelete] (D:\\Training on Node\\NodeProject\\node_modules\\mongoose\\lib\\helpers\\query\\wrapThunk.js:16:8)\n    at process.nextTick (D:\\Training on Node\\NodeProject\\node_modules\\kareem\\index.js:369:33)\n    at processTicksAndRejections (internal/process/next_tick.js:74:9)","name":"CastError","stringValue":"\"5d68b7860bc52d25a\"","kind":"ObjectId","value":"5d68b7860bc52d25a","path":"_id","level":"error","timestamp":"2019-08-30T06:56:23.696Z"}
{"level":"info","message":"Listening on Port 5000...","timestamp":"2019-08-30T06:58:33.722Z"}
{"level":"info","message":"Listening on Port 5000...","timestamp":"2019-08-30T06:58:55.131Z"}
{"level":"info","message":"finally connected to mongodb :) :) At mongodb+srv://vikash:espl123@myfirstcluster-bhteb.mongodb.net/nodeproject_test?retryWrites=true&w=majority","timestamp":"2019-08-30T06:58:56.690Z"}
{"level":"info","message":"Listening on Port 5000...","timestamp":"2019-08-30T06:59:42.017Z"}
{"level":"info","message":"finally connected to mongodb :) :) At mongodb+srv://vikash:espl123@myfirstcluster-bhteb.mongodb.net/nodeproject?retryWrites=true&w=majority","timestamp":"2019-08-30T06:59:43.634Z"}
{"level":"info","message":"Listening on Port 5000...","timestamp":"2019-08-30T07:01:45.813Z"}
{"level":"info","message":"finally connected to mongodb :) :) At mongodb+srv://vikash:espl123@myfirstcluster-bhteb.mongodb.net/nodeproject?retryWrites=true&w=majority","timestamp":"2019-08-30T07:01:47.363Z"}
